#
# A fatal error has been detected by the Java Runtime Environment:
#
#  Internal Error (safepoint.cpp:919), pid=26826, tid=28419
#  fatal error: Illegal threadstate encountered: 4
#
# JRE version: OpenJDK Runtime Environment Temurin-11.0.14.1+1 (11.0.14.1+1) (build 11.0.14.1+1)
# Java VM: OpenJDK 64-Bit Server VM Temurin-11.0.14.1+1 (11.0.14.1+1, mixed mode, tiered, compressed oops, g1 gc, bsd-amd64)
# No core dump will be written. Core dumps have been disabled. To enable core dumping, try "ulimit -c unlimited" before starting Java again
#
# If you would like to submit a bug report, please visit:
#   https://github.com/adoptium/adoptium-support/issues
# The crash happened outside the Java Virtual Machine in native code.
# See problematic frame for where to report the bug.
#

---------------  S U M M A R Y ------------

Command Line: -Dfile.encoding=UTF-8 it.polito.tdp.yelp.Main

Host: MacBookAir7,2 x86_64 1800 MHz, 4 cores, 8G, Darwin 21.5.0
Time: Wed Jun  8 01:31:39 2022 CEST elapsed time: 7.385834 seconds (0d 0h 0m 7s)

---------------  T H R E A D  ---------------

Current thread (0x00007f78dbb06000):  JavaThread "InvokeLaterDispatcher" daemon [_thread_in_native, id=28419, stack(0x000070000e3a6000,0x000070000e4a6000)]

Stack: [0x000070000e3a6000,0x000070000e4a6000],  sp=0x000070000e4a42d0,  free space=1016k
Native frames: (J=compiled Java code, A=aot compiled Java code, j=interpreted, Vv=VM code, C=native code)
V  [libjvm.dylib+0x7c5ab3]  _ZN7VMError14report_and_dieEiPKcS1_P13__va_list_tagP6ThreadPhPvS7_S1_im+0x601
V  [libjvm.dylib+0x276985]  _Z12report_fatal11VMErrorTypePKciS1_z+0xc0
V  [libjvm.dylib+0x69bc15]  _ZN20SafepointSynchronize5blockEP10JavaThread+0x1d9
V  [libjvm.dylib+0x69d183]  _ZN18SafepointMechanism23block_if_requested_slowEP10JavaThread+0x1d
V  [libjvm.dylib+0x77e5c4]  _ZN10JavaThread44check_safepoint_and_suspend_for_native_transEPS_+0x9c
V  [libjvm.dylib+0x3f36ae]  jni_DeleteGlobalRef+0x93
C  [libglass.dylib+0x8871]  -[GlassRunnable dealloc]+0x31
C  [Foundation+0x818ee]  -[_NSThreadPerformInfo dealloc]+0x2a
C  [Foundation+0x4e466]  -[NSObject(NSThreadPerformAdditions) performSelectorOnMainThread:withObject:waitUntilDone:]+0x7c
j  com.sun.glass.ui.mac.MacApplication._submitForLaterInvocation(Ljava/lang/Runnable;)V+0
j  com.sun.glass.ui.mac.MacApplication.submitForLaterInvocation(Ljava/lang/Runnable;)V+2
j  com.sun.glass.ui.InvokeLaterDispatcher.run()V+82
v  ~StubRoutines::call_stub
V  [libjvm.dylib+0x3b7c22]  _ZN9JavaCalls11call_helperEP9JavaValueRK12methodHandleP17JavaCallArgumentsP6Thread+0x1fe
V  [libjvm.dylib+0x3b7088]  _ZN9JavaCalls12call_virtualEP9JavaValueP5KlassP6SymbolS5_P17JavaCallArgumentsP6Thread+0xee
V  [libjvm.dylib+0x3b7144]  _ZN9JavaCalls12call_virtualEP9JavaValue6HandleP5KlassP6SymbolS6_P6Thread+0x62
V  [libjvm.dylib+0x43dfce]  _ZL12thread_entryP10JavaThreadP6Thread+0x78
V  [libjvm.dylib+0x77d03c]  _ZN10JavaThread17thread_main_innerEv+0x82
V  [libjvm.dylib+0x77ce86]  _ZN10JavaThread3runEv+0x122
V  [libjvm.dylib+0x77ada0]  _ZN6Thread8call_runEv+0x68
V  [libjvm.dylib+0x6291d1]  _ZL19thread_native_entryP6Thread+0x139
C  [libsystem_pthread.dylib+0x64e1]  _pthread_start+0x7d
C  [libsystem_pthread.dylib+0x1f6b]  thread_start+0xf

Java frames: (J=compiled Java code, j=interpreted, Vv=VM code)
j  com.sun.glass.ui.mac.MacApplication._submitForLaterInvocation(Ljava/lang/Runnable;)V+0
j  com.sun.glass.ui.mac.MacApplication.submitForLaterInvocation(Ljava/lang/Runnable;)V+2
j  com.sun.glass.ui.InvokeLaterDispatcher.run()V+82
v  ~StubRoutines::call_stub

---------------  P R O C E S S  ---------------

Threads class SMR info:
_java_thread_list=0x0000600002fd9680, length=19, elements={
0x00007f78dc00f000, 0x00007f78dc8c4800, 0x00007f78dc8c7800, 0x00007f78dc8c9800,
0x00007f78dd809000, 0x00007f78db81f800, 0x00007f78dd810800, 0x00007f78dc8d2800,
0x00007f78dc013800, 0x00007f78dc05a000, 0x00007f78db8e6000, 0x00007f78dbb06000,
0x00007f78dbb07000, 0x00007f78dcc1f800, 0x00007f78dcdb8000, 0x00007f78e0168800,
0x00007f78e08e1000, 0x00007f78e03c7000, 0x00007f78dcb26800
}

Java Threads: ( => current thread )
  0x00007f78dc00f000 JavaThread "main" [_thread_blocked, id=6147, stack(0x000070000cf67000,0x000070000d067000)]
  0x00007f78dc8c4800 JavaThread "Reference Handler" daemon [_thread_blocked, id=14595, stack(0x000070000d67c000,0x000070000d77c000)]
  0x00007f78dc8c7800 JavaThread "Finalizer" daemon [_thread_blocked, id=18435, stack(0x000070000d77f000,0x000070000d87f000)]
  0x00007f78dc8c9800 JavaThread "Signal Dispatcher" daemon [_thread_blocked, id=16899, stack(0x000070000d988000,0x000070000da88000)]
  0x00007f78dd809000 JavaThread "Service Thread" daemon [_thread_blocked, id=43267, stack(0x000070000da8b000,0x000070000db8b000)]
  0x00007f78db81f800 JavaThread "C2 CompilerThread0" daemon [_thread_blocked, id=42755, stack(0x000070000db8e000,0x000070000dc8e000)]
  0x00007f78dd810800 JavaThread "C1 CompilerThread0" daemon [_thread_in_vm, id=41987, stack(0x000070000dc91000,0x000070000dd91000)]
  0x00007f78dc8d2800 JavaThread "Sweeper thread" daemon [_thread_blocked, id=22531, stack(0x000070000dd94000,0x000070000de94000)]
  0x00007f78dc013800 JavaThread "Common-Cleaner" daemon [_thread_blocked, id=23299, stack(0x000070000df9a000,0x000070000e09a000)]
  0x00007f78dc05a000 JavaThread "JavaFX-Launcher" [_thread_blocked, id=23811, stack(0x000070000e09d000,0x000070000e19d000)]
  0x00007f78db8e6000 JavaThread "QuantumRenderer-0" daemon [_thread_blocked, id=24323, stack(0x000070000e1a0000,0x000070000e2a0000)]
=>0x00007f78dbb06000 JavaThread "InvokeLaterDispatcher" daemon [_thread_in_native, id=28419, stack(0x000070000e3a6000,0x000070000e4a6000)]
  0x00007f78dbb07000 JavaThread "JavaFX Application Thread" [_thread_in_native_trans, id=259, stack(0x00007ff7b634f000,0x00007ff7b6b4f000)]
  0x00007f78dcc1f800 JavaThread "Thread-3" daemon [_thread_in_native, id=83463, stack(0x000070000e52c000,0x000070000e5ac000)]
  0x00007f78dcdb8000 JavaThread "HikariPool-1 housekeeper" daemon [_thread_blocked, id=75527, stack(0x000070000e93b000,0x000070000ea3b000)]
  0x00007f78e0168800 JavaThread "HikariPool-1 connection adder" daemon [_thread_blocked, id=53763, stack(0x000070000ea3e000,0x000070000eb3e000)]
  0x00007f78e08e1000 JavaThread "Prism Font Disposer" daemon [_thread_blocked, id=73227, stack(0x000070000eb41000,0x000070000ec41000)]
  0x00007f78e03c7000 JavaThread "Cleaner-0" daemon [_thread_blocked, id=60179, stack(0x000070000ed4a000,0x000070000ee4a000)]
  0x00007f78dcb26800 JavaThread "C2 CompilerThread1" daemon [_thread_blocked, id=24883, stack(0x000070000e2a3000,0x000070000e3a3000)]

Other Threads:
  0x00007f78db815000 VMThread "VM Thread" [stack: 0x000070000d579000,0x000070000d679000] [id=19459]
  0x00007f78dc815000 WatcherThread [stack: 0x000070000de97000,0x000070000df97000] [id=22787]
  0x00007f78dc81d800 GCTaskThread "GC Thread#0" [stack: 0x000070000d06a000,0x000070000d16a000] [id=11779]
  0x00007f78dcc21800 GCTaskThread "GC Thread#1" [stack: 0x000070000e632000,0x000070000e732000] [id=75779]
  0x00007f78dcc23800 GCTaskThread "GC Thread#2" [stack: 0x000070000e735000,0x000070000e835000] [id=52483]
  0x00007f78dcd35800 GCTaskThread "GC Thread#3" [stack: 0x000070000e838000,0x000070000e938000] [id=52995]
  0x00007f78dc83e000 ConcurrentGCThread "G1 Main Marker" [stack: 0x000070000d16d000,0x000070000d26d000] [id=12035]
  0x00007f78dc83f000 ConcurrentGCThread "G1 Conc#0" [stack: 0x000070000d270000,0x000070000d370000] [id=20483]
  0x00007f78dc88f800 ConcurrentGCThread "G1 Refine#0" [stack: 0x000070000d373000,0x000070000d473000] [id=20227]
  0x00007f78dc890800 ConcurrentGCThread "G1 Young RemSet Sampling" [stack: 0x000070000d476000,0x000070000d576000] [id=19971]

Threads with active compile tasks:
C1 CompilerThread0   7422 3434       3       com.sun.javafx.tk.quantum.QuantumToolkit::postPulse (106 bytes)

VM state:not at safepoint (normal execution)

VM Mutex/Monitor currently owned by a thread: None

Heap address: 0x0000000780000000, size: 2048 MB, Compressed Oops mode: Zero based, Oop shift amount: 3
Narrow klass base: 0x0000000800000000, Narrow klass shift: 0
Compressed class space size: 1073741824 Address: 0x0000000800000000

Heap:
 garbage-first heap   total 131072K, used 42317K [0x0000000780000000, 0x0000000800000000)
  region size 1024K, 30 young (30720K), 4 survivors (4096K)
 Metaspace       used 30049K, capacity 31232K, committed 31488K, reserved 1077248K
  class space    used 3733K, capacity 4232K, committed 4352K, reserved 1048576K
Heap Regions: E=young(eden), S=young(survivor), O=old, HS=humongous(starts), HC=humongous(continues), CS=collection set, F=free, A=archive, TAMS=top-at-mark-start (previous, next)
|   0|0x0000000780000000, 0x0000000780100000, 0x0000000780100000|100%| O|  |TAMS 0x0000000780080600, 0x0000000780000000| Untracked 
|   1|0x0000000780100000, 0x0000000780200000, 0x0000000780200000|100%| O|  |TAMS 0x0000000780100000, 0x0000000780100000| Untracked 
|   2|0x0000000780200000, 0x0000000780300000, 0x0000000780300000|100%| O|  |TAMS 0x0000000780200000, 0x0000000780200000| Untracked 
|   3|0x0000000780300000, 0x0000000780400000, 0x0000000780400000|100%| O|  |TAMS 0x0000000780300000, 0x0000000780300000| Untracked 
|   4|0x0000000780400000, 0x0000000780500000, 0x0000000780500000|100%| O|  |TAMS 0x0000000780400000, 0x0000000780400000| Untracked 
|   5|0x0000000780500000, 0x0000000780600000, 0x0000000780600000|100%| O|  |TAMS 0x0000000780500000, 0x0000000780500000| Untracked 
|   6|0x0000000780600000, 0x0000000780700000, 0x0000000780700000|100%| O|  |TAMS 0x0000000780600000, 0x0000000780600000| Untracked 
|   7|0x0000000780700000, 0x0000000780800000, 0x0000000780800000|100%| O|  |TAMS 0x0000000780700000, 0x0000000780700000| Untracked 
|   8|0x0000000780800000, 0x0000000780900000, 0x0000000780900000|100%| O|  |TAMS 0x0000000780800000, 0x0000000780800000| Untracked 
|   9|0x0000000780900000, 0x0000000780a00000, 0x0000000780a00000|100%| O|  |TAMS 0x0000000780900000, 0x0000000780900000| Untracked 
|  10|0x0000000780a00000, 0x0000000780a53400, 0x0000000780b00000| 32%| O|  |TAMS 0x0000000780a00000, 0x0000000780a00000| Untracked 
|  11|0x0000000780b00000, 0x0000000780c00000, 0x0000000780c00000|100%|HS|  |TAMS 0x0000000780b00000, 0x0000000780b00000| Complete 
|  12|0x0000000780c00000, 0x0000000780d00000, 0x0000000780d00000|100%|HC|  |TAMS 0x0000000780c00000, 0x0000000780c00000| Complete 
|  13|0x0000000780d00000, 0x0000000780d00000, 0x0000000780e00000|  0%| F|  |TAMS 0x0000000780d00000, 0x0000000780d00000| Untracked 
|  14|0x0000000780e00000, 0x0000000780e00000, 0x0000000780f00000|  0%| F|  |TAMS 0x0000000780e00000, 0x0000000780e00000| Untracked 
|  15|0x0000000780f00000, 0x0000000780f00000, 0x0000000781000000|  0%| F|  |TAMS 0x0000000780f00000, 0x0000000780f00000| Untracked 
|  16|0x0000000781000000, 0x0000000781000000, 0x0000000781100000|  0%| F|  |TAMS 0x0000000781000000, 0x0000000781000000| Untracked 
|  17|0x0000000781100000, 0x0000000781100000, 0x0000000781200000|  0%| F|  |TAMS 0x0000000781100000, 0x0000000781100000| Untracked 
|  18|0x0000000781200000, 0x0000000781200000, 0x0000000781300000|  0%| F|  |TAMS 0x0000000781200000, 0x0000000781200000| Untracked 
|  19|0x0000000781300000, 0x0000000781300000, 0x0000000781400000|  0%| F|  |TAMS 0x0000000781300000, 0x0000000781300000| Untracked 
|  20|0x0000000781400000, 0x0000000781400000, 0x0000000781500000|  0%| F|  |TAMS 0x0000000781400000, 0x0000000781400000| Untracked 
|  21|0x0000000781500000, 0x0000000781500000, 0x0000000781600000|  0%| F|  |TAMS 0x0000000781500000, 0x0000000781500000| Untracked 
|  22|0x0000000781600000, 0x0000000781600000, 0x0000000781700000|  0%| F|  |TAMS 0x0000000781600000, 0x0000000781600000| Untracked 
|  23|0x0000000781700000, 0x0000000781700000, 0x0000000781800000|  0%| F|  |TAMS 0x0000000781700000, 0x0000000781700000| Untracked 
|  24|0x0000000781800000, 0x0000000781800000, 0x0000000781900000|  0%| F|  |TAMS 0x0000000781800000, 0x0000000781800000| Untracked 
|  25|0x0000000781900000, 0x0000000781900000, 0x0000000781a00000|  0%| F|  |TAMS 0x0000000781900000, 0x0000000781900000| Untracked 
|  26|0x0000000781a00000, 0x0000000781a00000, 0x0000000781b00000|  0%| F|  |TAMS 0x0000000781a00000, 0x0000000781a00000| Untracked 
|  27|0x0000000781b00000, 0x0000000781b00000, 0x0000000781c00000|  0%| F|  |TAMS 0x0000000781b00000, 0x0000000781b00000| Untracked 
|  28|0x0000000781c00000, 0x0000000781c00000, 0x0000000781d00000|  0%| F|  |TAMS 0x0000000781c00000, 0x0000000781c00000| Untracked 
|  29|0x0000000781d00000, 0x0000000781d00000, 0x0000000781e00000|  0%| F|  |TAMS 0x0000000781d00000, 0x0000000781d00000| Untracked 
|  30|0x0000000781e00000, 0x0000000781e00000, 0x0000000781f00000|  0%| F|  |TAMS 0x0000000781e00000, 0x0000000781e00000| Untracked 
|  31|0x0000000781f00000, 0x0000000781f00000, 0x0000000782000000|  0%| F|  |TAMS 0x0000000781f00000, 0x0000000781f00000| Untracked 
|  32|0x0000000782000000, 0x0000000782000000, 0x0000000782100000|  0%| F|  |TAMS 0x0000000782000000, 0x0000000782000000| Untracked 
|  33|0x0000000782100000, 0x0000000782100000, 0x0000000782200000|  0%| F|  |TAMS 0x0000000782100000, 0x0000000782100000| Untracked 
|  34|0x0000000782200000, 0x0000000782200000, 0x0000000782300000|  0%| F|  |TAMS 0x0000000782200000, 0x0000000782200000| Untracked 
|  35|0x0000000782300000, 0x0000000782300000, 0x0000000782400000|  0%| F|  |TAMS 0x0000000782300000, 0x0000000782300000| Untracked 
|  36|0x0000000782400000, 0x0000000782400000, 0x0000000782500000|  0%| F|  |TAMS 0x0000000782400000, 0x0000000782400000| Untracked 
|  37|0x0000000782500000, 0x0000000782500000, 0x0000000782600000|  0%| F|  |TAMS 0x0000000782500000, 0x0000000782500000| Untracked 
|  38|0x0000000782600000, 0x0000000782600000, 0x0000000782700000|  0%| F|  |TAMS 0x0000000782600000, 0x0000000782600000| Untracked 
|  39|0x0000000782700000, 0x0000000782700000, 0x0000000782800000|  0%| F|  |TAMS 0x0000000782700000, 0x0000000782700000| Untracked 
|  40|0x0000000782800000, 0x0000000782800000, 0x0000000782900000|  0%| F|  |TAMS 0x0000000782800000, 0x0000000782800000| Untracked 
|  41|0x0000000782900000, 0x0000000782900000, 0x0000000782a00000|  0%| F|  |TAMS 0x0000000782900000, 0x0000000782900000| Untracked 
|  42|0x0000000782a00000, 0x0000000782a00000, 0x0000000782b00000|  0%| F|  |TAMS 0x0000000782a00000, 0x0000000782a00000| Untracked 
|  43|0x0000000782b00000, 0x0000000782b00000, 0x0000000782c00000|  0%| F|  |TAMS 0x0000000782b00000, 0x0000000782b00000| Untracked 
|  44|0x0000000782c00000, 0x0000000782c00000, 0x0000000782d00000|  0%| F|  |TAMS 0x0000000782c00000, 0x0000000782c00000| Untracked 
|  45|0x0000000782d00000, 0x0000000782d00000, 0x0000000782e00000|  0%| F|  |TAMS 0x0000000782d00000, 0x0000000782d00000| Untracked 
|  46|0x0000000782e00000, 0x0000000782e00000, 0x0000000782f00000|  0%| F|  |TAMS 0x0000000782e00000, 0x0000000782e00000| Untracked 
|  47|0x0000000782f00000, 0x0000000782f00000, 0x0000000783000000|  0%| F|  |TAMS 0x0000000782f00000, 0x0000000782f00000| Untracked 
|  48|0x0000000783000000, 0x0000000783000000, 0x0000000783100000|  0%| F|  |TAMS 0x0000000783000000, 0x0000000783000000| Untracked 
|  49|0x0000000783100000, 0x0000000783100000, 0x0000000783200000|  0%| F|  |TAMS 0x0000000783100000, 0x0000000783100000| Untracked 
|  50|0x0000000783200000, 0x0000000783200000, 0x0000000783300000|  0%| F|  |TAMS 0x0000000783200000, 0x0000000783200000| Untracked 
|  51|0x0000000783300000, 0x0000000783300000, 0x0000000783400000|  0%| F|  |TAMS 0x0000000783300000, 0x0000000783300000| Untracked 
|  52|0x0000000783400000, 0x0000000783400000, 0x0000000783500000|  0%| F|  |TAMS 0x0000000783400000, 0x0000000783400000| Untracked 
|  53|0x0000000783500000, 0x0000000783500000, 0x0000000783600000|  0%| F|  |TAMS 0x0000000783500000, 0x0000000783500000| Untracked 
|  54|0x0000000783600000, 0x0000000783600000, 0x0000000783700000|  0%| F|  |TAMS 0x0000000783600000, 0x0000000783600000| Untracked 
|  55|0x0000000783700000, 0x0000000783700000, 0x0000000783800000|  0%| F|  |TAMS 0x0000000783700000, 0x0000000783700000| Untracked 
|  56|0x0000000783800000, 0x0000000783800000, 0x0000000783900000|  0%| F|  |TAMS 0x0000000783800000, 0x0000000783800000| Untracked 
|  57|0x0000000783900000, 0x0000000783900000, 0x0000000783a00000|  0%| F|  |TAMS 0x0000000783900000, 0x0000000783900000| Untracked 
|  58|0x0000000783a00000, 0x0000000783a00000, 0x0000000783b00000|  0%| F|  |TAMS 0x0000000783a00000, 0x0000000783a00000| Untracked 
|  59|0x0000000783b00000, 0x0000000783b00000, 0x0000000783c00000|  0%| F|  |TAMS 0x0000000783b00000, 0x0000000783b00000| Untracked 
|  60|0x0000000783c00000, 0x0000000783c00000, 0x0000000783d00000|  0%| F|  |TAMS 0x0000000783c00000, 0x0000000783c00000| Untracked 
|  61|0x0000000783d00000, 0x0000000783d00000, 0x0000000783e00000|  0%| F|  |TAMS 0x0000000783d00000, 0x0000000783d00000| Untracked 
|  62|0x0000000783e00000, 0x0000000783e00000, 0x0000000783f00000|  0%| F|  |TAMS 0x0000000783e00000, 0x0000000783e00000| Untracked 
|  63|0x0000000783f00000, 0x0000000783f00000, 0x0000000784000000|  0%| F|  |TAMS 0x0000000783f00000, 0x0000000783f00000| Untracked 
|  64|0x0000000784000000, 0x0000000784000000, 0x0000000784100000|  0%| F|  |TAMS 0x0000000784000000, 0x0000000784000000| Untracked 
|  65|0x0000000784100000, 0x0000000784100000, 0x0000000784200000|  0%| F|  |TAMS 0x0000000784100000, 0x0000000784100000| Untracked 
|  66|0x0000000784200000, 0x0000000784200000, 0x0000000784300000|  0%| F|  |TAMS 0x0000000784200000, 0x0000000784200000| Untracked 
|  67|0x0000000784300000, 0x0000000784300000, 0x0000000784400000|  0%| F|  |TAMS 0x0000000784300000, 0x0000000784300000| Untracked 
|  68|0x0000000784400000, 0x0000000784400000, 0x0000000784500000|  0%| F|  |TAMS 0x0000000784400000, 0x0000000784400000| Untracked 
|  69|0x0000000784500000, 0x0000000784500000, 0x0000000784600000|  0%| F|  |TAMS 0x0000000784500000, 0x0000000784500000| Untracked 
|  70|0x0000000784600000, 0x0000000784600000, 0x0000000784700000|  0%| F|  |TAMS 0x0000000784600000, 0x0000000784600000| Untracked 
|  71|0x0000000784700000, 0x0000000784700000, 0x0000000784800000|  0%| F|  |TAMS 0x0000000784700000, 0x0000000784700000| Untracked 
|  72|0x0000000784800000, 0x0000000784800000, 0x0000000784900000|  0%| F|  |TAMS 0x0000000784800000, 0x0000000784800000| Untracked 
|  73|0x0000000784900000, 0x0000000784900000, 0x0000000784a00000|  0%| F|  |TAMS 0x0000000784900000, 0x0000000784900000| Untracked 
|  74|0x0000000784a00000, 0x0000000784a00000, 0x0000000784b00000|  0%| F|  |TAMS 0x0000000784a00000, 0x0000000784a00000| Untracked 
|  75|0x0000000784b00000, 0x0000000784b00000, 0x0000000784c00000|  0%| F|  |TAMS 0x0000000784b00000, 0x0000000784b00000| Untracked 
|  76|0x0000000784c00000, 0x0000000784c00000, 0x0000000784d00000|  0%| F|  |TAMS 0x0000000784c00000, 0x0000000784c00000| Untracked 
|  77|0x0000000784d00000, 0x0000000784d00000, 0x0000000784e00000|  0%| F|  |TAMS 0x0000000784d00000, 0x0000000784d00000| Untracked 
|  78|0x0000000784e00000, 0x0000000784e00000, 0x0000000784f00000|  0%| F|  |TAMS 0x0000000784e00000, 0x0000000784e00000| Untracked 
|  79|0x0000000784f00000, 0x0000000784f00000, 0x0000000785000000|  0%| F|  |TAMS 0x0000000784f00000, 0x0000000784f00000| Untracked 
|  80|0x0000000785000000, 0x0000000785000000, 0x0000000785100000|  0%| F|  |TAMS 0x0000000785000000, 0x0000000785000000| Untracked 
|  81|0x0000000785100000, 0x0000000785100000, 0x0000000785200000|  0%| F|  |TAMS 0x0000000785100000, 0x0000000785100000| Untracked 
|  82|0x0000000785200000, 0x0000000785200000, 0x0000000785300000|  0%| F|  |TAMS 0x0000000785200000, 0x0000000785200000| Untracked 
|  83|0x0000000785300000, 0x0000000785300000, 0x0000000785400000|  0%| F|  |TAMS 0x0000000785300000, 0x0000000785300000| Untracked 
|  84|0x0000000785400000, 0x0000000785400000, 0x0000000785500000|  0%| F|  |TAMS 0x0000000785400000, 0x0000000785400000| Untracked 
|  85|0x0000000785500000, 0x0000000785500000, 0x0000000785600000|  0%| F|  |TAMS 0x0000000785500000, 0x0000000785500000| Untracked 
|  86|0x0000000785600000, 0x0000000785600000, 0x0000000785700000|  0%| F|  |TAMS 0x0000000785600000, 0x0000000785600000| Untracked 
|  87|0x0000000785700000, 0x0000000785700000, 0x0000000785800000|  0%| F|  |TAMS 0x0000000785700000, 0x0000000785700000| Untracked 
|  88|0x0000000785800000, 0x0000000785800000, 0x0000000785900000|  0%| F|  |TAMS 0x0000000785800000, 0x0000000785800000| Untracked 
|  89|0x0000000785900000, 0x0000000785900000, 0x0000000785a00000|  0%| F|  |TAMS 0x0000000785900000, 0x0000000785900000| Untracked 
|  90|0x0000000785a00000, 0x0000000785a00000, 0x0000000785b00000|  0%| F|  |TAMS 0x0000000785a00000, 0x0000000785a00000| Untracked 
|  91|0x0000000785b00000, 0x0000000785b00000, 0x0000000785c00000|  0%| F|  |TAMS 0x0000000785b00000, 0x0000000785b00000| Untracked 
|  92|0x0000000785c00000, 0x0000000785c00000, 0x0000000785d00000|  0%| F|  |TAMS 0x0000000785c00000, 0x0000000785c00000| Untracked 
|  93|0x0000000785d00000, 0x0000000785e00000, 0x0000000785e00000|100%| S|CS|TAMS 0x0000000785d00000, 0x0000000785d00000| Complete 
|  94|0x0000000785e00000, 0x0000000785f00000, 0x0000000785f00000|100%| S|CS|TAMS 0x0000000785e00000, 0x0000000785e00000| Complete 
|  95|0x0000000785f00000, 0x0000000786000000, 0x0000000786000000|100%| S|CS|TAMS 0x0000000785f00000, 0x0000000785f00000| Complete 
|  96|0x0000000786000000, 0x0000000786000000, 0x0000000786100000|  0%| F|  |TAMS 0x0000000786000000, 0x0000000786000000| Untracked 
|  97|0x0000000786100000, 0x0000000786100000, 0x0000000786200000|  0%| F|  |TAMS 0x0000000786100000, 0x0000000786100000| Untracked 
|  98|0x0000000786200000, 0x0000000786200000, 0x0000000786300000|  0%| F|  |TAMS 0x0000000786200000, 0x0000000786200000| Untracked 
|  99|0x0000000786300000, 0x0000000786300000, 0x0000000786400000|  0%| F|  |TAMS 0x0000000786300000, 0x0000000786300000| Untracked 
| 100|0x0000000786400000, 0x0000000786400000, 0x0000000786500000|  0%| F|  |TAMS 0x0000000786400000, 0x0000000786400000| Untracked 
| 101|0x0000000786500000, 0x00000007865712c0, 0x0000000786600000| 44%| E|  |TAMS 0x0000000786500000, 0x0000000786500000| Complete 
| 102|0x0000000786600000, 0x0000000786700000, 0x0000000786700000|100%| S|CS|TAMS 0x0000000786600000, 0x0000000786600000| Complete 
| 103|0x0000000786700000, 0x0000000786800000, 0x0000000786800000|100%| E|CS|TAMS 0x0000000786700000, 0x0000000786700000| Complete 
| 104|0x0000000786800000, 0x0000000786900000, 0x0000000786900000|100%| E|CS|TAMS 0x0000000786800000, 0x0000000786800000| Complete 
| 105|0x0000000786900000, 0x0000000786a00000, 0x0000000786a00000|100%| E|CS|TAMS 0x0000000786900000, 0x0000000786900000| Complete 
| 106|0x0000000786a00000, 0x0000000786b00000, 0x0000000786b00000|100%| E|CS|TAMS 0x0000000786a00000, 0x0000000786a00000| Complete 
| 107|0x0000000786b00000, 0x0000000786c00000, 0x0000000786c00000|100%| E|CS|TAMS 0x0000000786b00000, 0x0000000786b00000| Complete 
| 108|0x0000000786c00000, 0x0000000786d00000, 0x0000000786d00000|100%| E|CS|TAMS 0x0000000786c00000, 0x0000000786c00000| Complete 
| 109|0x0000000786d00000, 0x0000000786e00000, 0x0000000786e00000|100%| E|CS|TAMS 0x0000000786d00000, 0x0000000786d00000| Complete 
| 110|0x0000000786e00000, 0x0000000786f00000, 0x0000000786f00000|100%| E|CS|TAMS 0x0000000786e00000, 0x0000000786e00000| Complete 
| 111|0x0000000786f00000, 0x0000000787000000, 0x0000000787000000|100%| E|CS|TAMS 0x0000000786f00000, 0x0000000786f00000| Complete 
| 112|0x0000000787000000, 0x0000000787100000, 0x0000000787100000|100%| E|CS|TAMS 0x0000000787000000, 0x0000000787000000| Complete 
| 113|0x0000000787100000, 0x0000000787200000, 0x0000000787200000|100%| E|CS|TAMS 0x0000000787100000, 0x0000000787100000| Complete 
| 114|0x0000000787200000, 0x0000000787300000, 0x0000000787300000|100%| E|CS|TAMS 0x0000000787200000, 0x0000000787200000| Complete 
| 115|0x0000000787300000, 0x0000000787400000, 0x0000000787400000|100%| E|CS|TAMS 0x0000000787300000, 0x0000000787300000| Complete 
| 116|0x0000000787400000, 0x0000000787500000, 0x0000000787500000|100%| E|CS|TAMS 0x0000000787400000, 0x0000000787400000| Complete 
| 117|0x0000000787500000, 0x0000000787600000, 0x0000000787600000|100%| E|CS|TAMS 0x0000000787500000, 0x0000000787500000| Complete 
| 118|0x0000000787600000, 0x0000000787700000, 0x0000000787700000|100%| E|CS|TAMS 0x0000000787600000, 0x0000000787600000| Complete 
| 119|0x0000000787700000, 0x0000000787800000, 0x0000000787800000|100%| E|CS|TAMS 0x0000000787700000, 0x0000000787700000| Complete 
| 120|0x0000000787800000, 0x0000000787900000, 0x0000000787900000|100%| E|CS|TAMS 0x0000000787800000, 0x0000000787800000| Complete 
| 121|0x0000000787900000, 0x0000000787a00000, 0x0000000787a00000|100%| E|CS|TAMS 0x0000000787900000, 0x0000000787900000| Complete 
| 122|0x0000000787a00000, 0x0000000787b00000, 0x0000000787b00000|100%| E|CS|TAMS 0x0000000787a00000, 0x0000000787a00000| Complete 
| 123|0x0000000787b00000, 0x0000000787c00000, 0x0000000787c00000|100%| E|CS|TAMS 0x0000000787b00000, 0x0000000787b00000| Complete 
| 124|0x0000000787c00000, 0x0000000787d00000, 0x0000000787d00000|100%| E|CS|TAMS 0x0000000787c00000, 0x0000000787c00000| Complete 
| 125|0x0000000787d00000, 0x0000000787e00000, 0x0000000787e00000|100%| E|CS|TAMS 0x0000000787d00000, 0x0000000787d00000| Complete 
| 126|0x0000000787e00000, 0x0000000787f00000, 0x0000000787f00000|100%| E|CS|TAMS 0x0000000787e00000, 0x0000000787e00000| Complete 
| 127|0x0000000787f00000, 0x0000000788000000, 0x0000000788000000|100%| E|CS|TAMS 0x0000000787f00000, 0x0000000787f00000| Complete 

Card table byte_map: [0x0000000109b7f000,0x0000000109f7f000] _byte_map_base: 0x0000000105f7f000

Marking Bits (Prev, Next): (CMBitMap*) 0x00007f78dc835850, (CMBitMap*) 0x00007f78dc835818
 Prev Bits: [0x000000010d48b000, 0x000000010f48b000)
 Next Bits: [0x000000010b48b000, 0x000000010d48b000)

Polling page: 0x00000001094f0000

Metaspace:

Usage:
  Non-class:     26.37 MB capacity,    25.70 MB ( 97%) used,   546.31 KB (  2%) free+waste,   137.06 KB ( <1%) overhead. 
      Class:      4.13 MB capacity,     3.65 MB ( 88%) used,   429.50 KB ( 10%) free+waste,    69.25 KB (  2%) overhead. 
       Both:     30.50 MB capacity,    29.35 MB ( 96%) used,   975.81 KB (  3%) free+waste,   206.31 KB ( <1%) overhead. 

Virtual space:
  Non-class space:       28.00 MB reserved,      26.50 MB ( 95%) committed 
      Class space:        1.00 GB reserved,       4.25 MB ( <1%) committed 
             Both:        1.03 GB reserved,      30.75 MB (  3%) committed 

Chunk freelists:
   Non-Class:  112.00 KB
       Class:  0 bytes
        Both:  112.00 KB

MaxMetaspaceSize: unlimited
CompressedClassSpaceSize: 1.00 GB
Initial GC threshold: 20.80 MB
Current GC threshold: 35.00 MB
CDS: off

CodeHeap 'non-profiled nmethods': size=120032Kb used=1573Kb max_used=1573Kb free=118458Kb
 bounds [0x00000001234c5000, 0x0000000123735000, 0x000000012a9fd000]
CodeHeap 'profiled nmethods': size=120032Kb used=6510Kb max_used=6510Kb free=113522Kb
 bounds [0x000000011bf8d000, 0x000000011c5ed000, 0x00000001234c5000]
CodeHeap 'non-nmethods': size=5696Kb used=1471Kb max_used=1515Kb free=4225Kb
 bounds [0x000000011b9fd000, 0x000000011bc6d000, 0x000000011bf8d000]
 total_blobs=4231 nmethods=3416 adapters=728
 compilation: enabled
              stopped_count=0, restarted_count=0
 full_count=0

Compilation events (20 events):
Event: 7.375 Thread 0x00007f78dd810800 3424       3       com.sun.javafx.geom.transform.GeneralTransform3D::ortho (189 bytes)
Event: 7.375 Thread 0x00007f78dd810800 nmethod 3424 0x000000011c5e1990 code [0x000000011c5e1be0, 0x000000011c5e1f80]
Event: 7.376 Thread 0x00007f78dd810800 3423       3       com.sun.prism.impl.ps.BaseShaderGraphics::setNodeBounds (19 bytes)
Event: 7.376 Thread 0x00007f78dd810800 nmethod 3423 0x000000011c5e2190 code [0x000000011c5e2340, 0x000000011c5e24f0]
Event: 7.376 Thread 0x00007f78dd810800 3419       3       com.sun.prism.es2.ES2Context::updateClipRect (138 bytes)
Event: 7.377 Thread 0x00007f78dd810800 nmethod 3419 0x000000011c5e2590 code [0x000000011c5e27c0, 0x000000011c5e3140]
Event: 7.377 Thread 0x00007f78dd810800 3420       3       com.sun.prism.es2.GLContext::scissorTest (15 bytes)
Event: 7.377 Thread 0x00007f78dcb26800 nmethod 3347 0x0000000123649190 code [0x0000000123649340, 0x00000001236493d8]
Event: 7.378 Thread 0x00007f78dcb26800 3341       4       java.util.HashMap::containsKey (18 bytes)
Event: 7.379 Thread 0x00007f78dd810800 nmethod 3420 0x000000011c5e3410 code [0x000000011c5e35c0, 0x000000011c5e36e0]
Event: 7.379 Thread 0x00007f78dd810800 3425       3       com.sun.javafx.font.CompositeStrike::drawAsShapes (11 bytes)
Event: 7.379 Thread 0x00007f78dd810800 nmethod 3425 0x000000011c5e3790 code [0x000000011c5e3960, 0x000000011c5e3b50]
Event: 7.379 Thread 0x00007f78dd810800 3426       3       com.sun.prism.impl.ps.BaseShaderContext::validateLCDOp (62 bytes)
Event: 7.380 Thread 0x00007f78dd810800 nmethod 3426 0x000000011c5e3c10 code [0x000000011c5e3e20, 0x000000011c5e41d0]
Event: 7.380 Thread 0x00007f78dd810800 3427       3       com.sun.javafx.sg.prism.NGRegion::getNormalizedFillRadii (43 bytes)
Event: 7.380 Thread 0x00007f78dd810800 nmethod 3427 0x000000011c5e4390 code [0x000000011c5e4580, 0x000000011c5e4ab0]
Event: 7.380 Thread 0x00007f78dd810800 3418       3       java.util.concurrent.locks.AbstractQueuedSynchronizer::acquire (27 bytes)
Event: 7.381 Thread 0x00007f78dd810800 nmethod 3418 0x000000011c5e4c10 code [0x000000011c5e4e00, 0x000000011c5e51d0]
Event: 7.381 Thread 0x00007f78dd810800 3421       3       java.util.concurrent.locks.ReentrantLock::unlock (10 bytes)
Event: 7.381 Thread 0x00007f78dd810800 nmethod 3421 0x000000011c5e5310 code [0x000000011c5e54e0, 0x000000011c5e5810]

GC Heap History (6 events):
Event: 1.122 GC heap before
{Heap before GC invocations=0 (full 0):
 garbage-first heap   total 131072K, used 13312K [0x0000000780000000, 0x0000000800000000)
  region size 1024K, 14 young (14336K), 0 survivors (0K)
 Metaspace       used 10218K, capacity 10501K, committed 10752K, reserved 1058816K
  class space    used 1020K, capacity 1166K, committed 1280K, reserved 1048576K
}
Event: 1.136 GC heap after
{Heap after GC invocations=1 (full 0):
 garbage-first heap   total 131072K, used 2561K [0x0000000780000000, 0x0000000800000000)
  region size 1024K, 2 young (2048K), 2 survivors (2048K)
 Metaspace       used 10218K, capacity 10501K, committed 10752K, reserved 1058816K
  class space    used 1020K, capacity 1166K, committed 1280K, reserved 1048576K
}
Event: 2.283 GC heap before
{Heap before GC invocations=1 (full 0):
 garbage-first heap   total 131072K, used 26113K [0x0000000780000000, 0x0000000800000000)
  region size 1024K, 26 young (26624K), 2 survivors (2048K)
 Metaspace       used 20509K, capacity 21079K, committed 21248K, reserved 1069056K
  class space    used 2296K, capacity 2547K, committed 2560K, reserved 1048576K
}
Event: 2.306 GC heap after
{Heap after GC invocations=2 (full 0):
 garbage-first heap   total 131072K, used 6494K [0x0000000780000000, 0x0000000800000000)
  region size 1024K, 6 young (6144K), 6 survivors (6144K)
 Metaspace       used 20509K, capacity 21079K, committed 21248K, reserved 1069056K
  class space    used 2296K, capacity 2547K, committed 2560K, reserved 1048576K
}
Event: 3.355 GC heap before
{Heap before GC invocations=3 (full 0):
 garbage-first heap   total 131072K, used 31070K [0x0000000780000000, 0x0000000800000000)
  region size 1024K, 31 young (31744K), 6 survivors (6144K)
 Metaspace       used 24080K, capacity 24794K, committed 24960K, reserved 1071104K
  class space    used 2826K, capacity 3124K, committed 3200K, reserved 1048576K
}
Event: 3.384 GC heap after
{Heap after GC invocations=4 (full 0):
 garbage-first heap   total 131072K, used 14669K [0x0000000780000000, 0x0000000800000000)
  region size 1024K, 4 young (4096K), 4 survivors (4096K)
 Metaspace       used 24080K, capacity 24794K, committed 24960K, reserved 1071104K
  class space    used 2826K, capacity 3124K, committed 3200K, reserved 1048576K
}

Deoptimization events (20 events):
Event: 5.399 Thread 0x00007f78dbb07000 Uncommon trap: trap_request=0xffffffd6 fr.pc=0x00000001235fdbd0 relative=0x0000000000000f30
Event: 5.399 Thread 0x00007f78dbb07000 Uncommon trap: reason=array_check action=maybe_recompile pc=0x00000001235fdbd0 method=javafx.css.SimpleSelector.applies(Ljavafx/css/Styleable;[Ljava/util/Set;I)Z @ 37 c2
Event: 5.399 Thread 0x00007f78dbb07000 DEOPT PACKING pc=0x00000001235fdbd0 sp=0x00007ff7b6b46f00
Event: 5.399 Thread 0x00007f78dbb07000 DEOPT UNPACKING pc=0x000000011ba46ea5 sp=0x00007ff7b6b46e60 mode 2
Event: 5.468 Thread 0x00007f78dbb07000 Uncommon trap: trap_request=0xffffff4d fr.pc=0x000000012351e03c relative=0x000000000000049c
Event: 5.468 Thread 0x00007f78dbb07000 Uncommon trap: reason=unstable_if action=reinterpret pc=0x000000012351e03c method=jdk.internal.org.objectweb.asm.Type.getArgumentsAndReturnSizes(Ljava/lang/String;)I @ 47 c2
Event: 5.468 Thread 0x00007f78dbb07000 DEOPT PACKING pc=0x000000012351e03c sp=0x00007ff7b6b483e0
Event: 5.468 Thread 0x00007f78dbb07000 DEOPT UNPACKING pc=0x000000011ba46ea5 sp=0x00007ff7b6b48390 mode 2
Event: 5.604 Thread 0x00007f78dbb07000 Uncommon trap: trap_request=0xffffff64 fr.pc=0x000000012360fd84 relative=0x0000000000002504
Event: 5.604 Thread 0x00007f78dbb07000 Uncommon trap: reason=speculate_null_check action=make_not_entrant pc=0x000000012360fd84 method=javafx.scene.CssStyleHelper.getStyleHelper(Ljavafx/scene/Node;)Ljavafx/scene/CssStyleHelper; @ 1 c2
Event: 5.604 Thread 0x00007f78dbb07000 DEOPT PACKING pc=0x000000012360fd84 sp=0x00007ff7b6b47990
Event: 5.604 Thread 0x00007f78dbb07000 DEOPT UNPACKING pc=0x000000011ba46ea5 sp=0x00007ff7b6b47910 mode 2
Event: 7.299 Thread 0x00007f78dbb07000 Uncommon trap: trap_request=0xffffff64 fr.pc=0x0000000123640e70 relative=0x00000000000005b0
Event: 7.299 Thread 0x00007f78dbb07000 Uncommon trap: reason=speculate_null_check action=make_not_entrant pc=0x0000000123640e70 method=javafx.scene.CssStyleHelper.resolveRef(Ljavafx/css/Styleable;Ljava/lang/String;Lcom/sun/javafx/css/StyleMap;Ljava/util/Set;)Lcom/sun/javafx/css/CascadingStyle;
Event: 7.299 Thread 0x00007f78dbb07000 DEOPT PACKING pc=0x0000000123640e70 sp=0x00007ff7b6b47500
Event: 7.299 Thread 0x00007f78dbb07000 DEOPT UNPACKING pc=0x000000011ba46ea5 sp=0x00007ff7b6b473e8 mode 2
Event: 7.376 Thread 0x00007f78db8e6000 Uncommon trap: trap_request=0xffffff4d fr.pc=0x000000012361eaa8 relative=0x0000000000000088
Event: 7.376 Thread 0x00007f78db8e6000 Uncommon trap: reason=unstable_if action=reinterpret pc=0x000000012361eaa8 method=com.sun.javafx.geom.RectBounds.isEmpty()Z @ 21 c2
Event: 7.376 Thread 0x00007f78db8e6000 DEOPT PACKING pc=0x000000012361eaa8 sp=0x000070000e29c7c0
Event: 7.376 Thread 0x00007f78db8e6000 DEOPT UNPACKING pc=0x000000011ba46ea5 sp=0x000070000e29c770 mode 2

Classes redefined (0 events):
No events

Internal exceptions (20 events):
Event: 2.260 Thread 0x00007f78dbb07000 Exception <a 'java/lang/NoClassDefFoundError'{0x0000000786620508}: com/sun/jna/Platform> (0x0000000786620508) thrown at [./src/hotspot/share/classfile/systemDictionary.cpp, line 219]
Event: 2.313 Thread 0x00007f78dbb07000 Implicit null exception at 0x00000001235364fe to 0x0000000123537248
Event: 2.315 Thread 0x00007f78dbb07000 Implicit null exception at 0x0000000123531daf to 0x0000000123531e29
Event: 2.730 Thread 0x00007f78dbb07000 Implicit null exception at 0x000000012352fe15 to 0x0000000123530010
Event: 2.915 Thread 0x00007f78dbb07000 Exception <a 'java/io/FileNotFoundException'{0x0000000786bd74f8}> (0x0000000786bd74f8) thrown at [./src/hotspot/share/prims/jni.cpp, line 616]
Event: 3.259 Thread 0x00007f78dbb07000 Exception <a 'java/lang/NoSuchMethodError'{0x00000007869f0048}: 'java.lang.Object java.lang.invoke.Invokers$Holder.linkToTargetMethod(java.lang.Object, int, java.lang.Object)'> (0x00000007869f0048) thrown at [./src/hotspot/share/interpreter/linkResolver.cpp, line 773]
Event: 3.265 Thread 0x00007f78dbb07000 Implicit null exception at 0x0000000123564dc5 to 0x0000000123564ea8
Event: 3.288 Thread 0x00007f78dbb07000 Exception <a 'java/lang/NoSuchMethodError'{0x000000078688ca90}: 'java.lang.Object java.lang.invoke.DirectMethodHandle$Holder.invokeInterface(java.lang.Object, java.lang.Object, java.lang.Object)'> (0x000000078688ca90) thrown at [./src/hotspot/share/interpreter/linkResolver.cpp, line 773]
Event: 3.289 Thread 0x00007f78dbb07000 Exception <a 'java/lang/IncompatibleClassChangeError'{0x000000078688fc48}: Found class java.lang.Object, but interface was expected> (0x000000078688fc48) thrown at [./src/hotspot/share/interpreter/linkResolver.cpp, line 839]
Event: 3.436 Thread 0x00007f78dbb07000 Exception <a 'java/lang/NoSuchMethodError'{0x0000000787e67538}: 'void java.lang.invoke.DirectMethodHandle$Holder.invokeSpecialIFC(java.lang.Object, java.lang.Object, java.lang.Object, java.lang.Object)'> (0x0000000787e67538) thrown at [./src/hotspot/share/interpreter/linkResolver.cpp, line 773]
Event: 4.140 Thread 0x00007f78dbb07000 Exception <a 'java/lang/NoSuchMethodError'{0x0000000787230248}: 'java.lang.Object java.lang.invoke.Invokers$Holder.linkToTargetMethod(java.lang.Object, int, int, java.lang.Object)'> (0x0000000787230248) thrown at [./src/hotspot/share/interpreter/linkResolver.cpp, line 773]
Event: 4.346 Thread 0x00007f78db8e6000 Exception <a 'java/lang/NoSuchMethodError'{0x00000007871c8ca0}: 'int java.lang.invoke.DirectMethodHandle$Holder.invokeStaticInit(java.lang.Object, java.lang.Object)'> (0x00000007871c8ca0) thrown at [./src/hotspot/share/interpreter/linkResolver.cpp, line 773]
Event: 4.727 Thread 0x00007f78dbb07000 Exception <a 'java/lang/NoSuchMethodError'{0x0000000786dd9910}: 'java.lang.Object java.lang.invoke.DirectMethodHandle$Holder.invokeStatic(java.lang.Object, java.lang.Object, long, int, int, int)'> (0x0000000786dd9910) thrown at [./src/hotspot/share/interpreter/linkResolver.cpp, line 773]
Event: 4.730 Thread 0x00007f78dbb07000 Exception <a 'java/lang/NoSuchMethodError'{0x0000000786ded578}: 'java.lang.Object java.lang.invoke.DirectMethodHandle$Holder.invokeStatic(java.lang.Object, java.lang.Object, int, java.lang.Object, long, int, int, int, int)'> (0x0000000786ded578) thrown at [./src/hotspot/share/interpreter/linkResolver.cpp, line 773]
Event: 5.389 Thread 0x00007f78dbb07000 Implicit null exception at 0x00000001235e996f to 0x00000001235ea0fc
Event: 5.469 Thread 0x00007f78dbb07000 Exception <a 'java/lang/NoSuchMethodError'{0x0000000786ab39b8}: 'long java.lang.invoke.DirectMethodHandle$Holder.invokeStaticInit(java.lang.Object, java.lang.Object, java.lang.Object)'> (0x0000000786ab39b8) thrown at [./src/hotspot/share/interpreter/linkResolver.cpp, line 773]
Event: 5.471 Thread 0x00007f78dbb07000 Exception <a 'java/lang/NoSuchMethodError'{0x0000000786ac6458}: 'java.lang.Object java.lang.invoke.DirectMethodHandle$Holder.invokeSpecial(java.lang.Object, java.lang.Object, long)'> (0x0000000786ac6458) thrown at [./src/hotspot/share/interpreter/linkResolver.cpp, line 773]
Event: 5.504 Thread 0x00007f78db8e6000 Exception <a 'java/lang/NoSuchMethodError'{0x0000000786dbf0d0}: 'java.lang.Object java.lang.invoke.DirectMethodHandle$Holder.invokeStaticInit(java.lang.Object, int)'> (0x0000000786dbf0d0) thrown at [./src/hotspot/share/interpreter/linkResolver.cpp, line 773]
Event: 5.604 Thread 0x00007f78dbb07000 Implicit null exception at 0x000000012360da00 to 0x000000012360fd74
Event: 7.299 Thread 0x00007f78dbb07000 Implicit null exception at 0x0000000123640b1f to 0x0000000123640e60

Events (20 events):
Event: 6.384 loading class com/sun/javafx/tk/quantum/GlassScene
Event: 6.384 loading class com/sun/javafx/tk/quantum/GlassScene done
Event: 6.384 loading class com/sun/javafx/tk/quantum/WindowStage
Event: 6.384 loading class com/sun/javafx/tk/quantum/WindowStage done
Event: 6.393 loading class com/sun/prism/GraphicsResource
Event: 6.393 loading class com/sun/prism/GraphicsResource done
Event: 6.393 loading class com/sun/prism/GraphicsResource
Event: 6.393 loading class com/sun/prism/GraphicsResource done
Event: 6.394 loading class com/sun/javafx/tk/quantum/ViewScene
Event: 6.394 loading class com/sun/javafx/tk/quantum/ViewScene done
Event: 6.395 loading class com/sun/javafx/tk/quantum/WindowStage
Event: 6.395 loading class com/sun/javafx/tk/quantum/WindowStage done
Event: 6.420 Executing VM operation: ICBufferFull
Event: 6.420 Executing VM operation: ICBufferFull done
Event: 6.550 Protecting memory [0x000070000e2a3000,0x000070000e2a7000] with protection modes 3
Event: 6.550 Thread 0x00007f78e18be800 Thread exited: 0x00007f78e18be800
Event: 7.293 Thread 0x00007f78dcb26800 Thread added: 0x00007f78dcb26800
Event: 7.294 Protecting memory [0x000070000e2a3000,0x000070000e2a7000] with protection modes 0
Event: 7.372 Loaded shared library /Users/alessandromaggio/.openjfx/cache/11/libprism_es2.dylib
Event: 7.385 Executing VM operation: RevokeBias


Dynamic libraries:
0x00000001094d1000 	/Library/Java/JavaVirtualMachines/temurin-11.jdk/Contents/Home/lib/jli/libjli.dylib
0x00007ff82c55c000 	/System/Library/Frameworks/Cocoa.framework/Versions/A/Cocoa
0x00007ff8181c5000 	/System/Library/Frameworks/AppKit.framework/Versions/C/AppKit
0x00007ff81b6d8000 	/System/Library/Frameworks/CoreData.framework/Versions/A/CoreData
0x00007ff8165c9000 	/System/Library/Frameworks/Foundation.framework/Versions/C/Foundation
0x00007ff8204f1000 	/usr/lib/libSystem.B.dylib
0x00007ff819054000 	/System/Library/PrivateFrameworks/UIFoundation.framework/Versions/A/UIFoundation
0x00007ff826460000 	/System/Library/PrivateFrameworks/RemoteViewServices.framework/Versions/A/RemoteViewServices
0x00007ff81e746000 	/System/Library/PrivateFrameworks/XCTTargetBootstrap.framework/Versions/A/XCTTargetBootstrap
0x00007ff8222f8000 	/System/Library/PrivateFrameworks/InternationalSupport.framework/Versions/A/InternationalSupport
0x00007ff822382000 	/System/Library/PrivateFrameworks/UserActivity.framework/Versions/A/UserActivity
0x00007ff8216d8000 	/usr/lib/libspindump.dylib
0x00007ff8192e2000 	/System/Library/Frameworks/UniformTypeIdentifiers.framework/Versions/A/UniformTypeIdentifiers
0x00007ff81ce6e000 	/usr/lib/libapp_launch_measurement.dylib
0x00007ff81c0a9000 	/System/Library/PrivateFrameworks/CoreAnalytics.framework/Versions/A/CoreAnalytics
0x00007ff81ce71000 	/System/Library/PrivateFrameworks/CoreAutoLayout.framework/Versions/A/CoreAutoLayout
0x00007ff81e0a0000 	/System/Library/Frameworks/Metal.framework/Versions/A/Metal
0x00007ff81edcb000 	/usr/lib/liblangid.dylib
0x00007ff81e74b000 	/System/Library/PrivateFrameworks/CoreSVG.framework/Versions/A/CoreSVG
0x00007ff81a6cd000 	/System/Library/PrivateFrameworks/SkyLight.framework/Versions/A/SkyLight
0x00007ff81aa6b000 	/System/Library/Frameworks/CoreGraphics.framework/Versions/A/CoreGraphics
0x00007ff826b20000 	/System/Library/Frameworks/Accelerate.framework/Versions/A/Accelerate
0x00007ff821157000 	/System/Library/PrivateFrameworks/IconServices.framework/Versions/A/IconServices
0x00007ff81e085000 	/System/Library/Frameworks/IOSurface.framework/Versions/A/IOSurface
0x00007ff81c0d7000 	/usr/lib/libDiagnosticMessagesClient.dylib
0x00007ff820411000 	/usr/lib/libz.1.dylib
0x00007ff82a200000 	/System/Library/Frameworks/ApplicationServices.framework/Versions/A/ApplicationServices
0x00007ff81e732000 	/System/Library/PrivateFrameworks/DFRFoundation.framework/Versions/A/DFRFoundation
0x00007ff817aad000 	/usr/lib/libicucore.A.dylib
0x00007ff8230ed000 	/System/Library/Frameworks/AudioToolbox.framework/Versions/A/AudioToolbox
0x00007ff822304000 	/System/Library/PrivateFrameworks/DataDetectorsCore.framework/Versions/A/DataDetectorsCore
0x00007ff91e7eb000 	/System/Library/PrivateFrameworks/TextInput.framework/Versions/A/TextInput
0x00007ff81a650000 	/usr/lib/libMobileGestalt.dylib
0x00007ff81e43e000 	/System/Library/Frameworks/Carbon.framework/Versions/A/Frameworks/HIToolbox.framework/Versions/A/HIToolbox
0x00007ff81c874000 	/System/Library/Frameworks/QuartzCore.framework/Versions/A/QuartzCore
0x00007ff817752000 	/System/Library/Frameworks/Security.framework/Versions/A/Security
0x00007ff826498000 	/System/Library/Frameworks/Carbon.framework/Versions/A/Frameworks/SpeechRecognition.framework/Versions/A/SpeechRecognition
0x00007ff81cbce000 	/System/Library/PrivateFrameworks/CoreUI.framework/Versions/A/CoreUI
0x00007ff81701d000 	/System/Library/Frameworks/CoreAudio.framework/Versions/A/CoreAudio
0x00007ff81c1c6000 	/System/Library/Frameworks/DiskArbitration.framework/Versions/A/DiskArbitration
0x00007ff821ac6000 	/System/Library/PrivateFrameworks/MultitouchSupport.framework/Versions/A/MultitouchSupport
0x00007ff81a64f000 	/usr/lib/libenergytrace.dylib
0x00007ff8180b1000 	/System/Library/Frameworks/IOKit.framework/Versions/A/IOKit
0x00007ff826888000 	/System/Library/Frameworks/CoreServices.framework/Versions/A/CoreServices
0x00007ff81ce08000 	/System/Library/PrivateFrameworks/PerformanceAnalysis.framework/Versions/A/PerformanceAnalysis
0x00007ffa2e4d0000 	/System/Library/Frameworks/OpenGL.framework/Versions/A/OpenGL
0x00007ff81fa2d000 	/System/Library/PrivateFrameworks/MobileKeyBag.framework/Versions/A/MobileKeyBag
0x00007ff81558d000 	/usr/lib/libobjc.A.dylib
0x00007ff81b137000 	/System/Library/Frameworks/ColorSync.framework/Versions/A/ColorSync
0x00007ff815747000 	/System/Library/Frameworks/CoreFoundation.framework/Versions/A/CoreFoundation
0x00007ff81e9c1000 	/System/Library/Frameworks/CoreImage.framework/Versions/A/CoreImage
0x00007ff816e31000 	/System/Library/Frameworks/CoreText.framework/Versions/A/CoreText
0x00007ff81e77b000 	/System/Library/Frameworks/ImageIO.framework/Versions/A/ImageIO
0x00007ff8204f7000 	/System/Library/PrivateFrameworks/SoftLinking.framework/Versions/A/SoftLinking
0x00007ff81ceb9000 	/usr/lib/libxml2.2.dylib
0x00007ff815653000 	/usr/lib/libc++.1.dylib
0x00007ff82077b000 	/usr/lib/libcompression.dylib
0x00007ff82222b000 	/System/Library/PrivateFrameworks/TextureIO.framework/Versions/A/TextureIO
0x00007ff820e69000 	/usr/lib/libate.dylib
0x00007ff8204ec000 	/usr/lib/system/libcache.dylib
0x00007ff8204a8000 	/usr/lib/system/libcommonCrypto.dylib
0x00007ff8204d1000 	/usr/lib/system/libcompiler_rt.dylib
0x00007ff8204c7000 	/usr/lib/system/libcopyfile.dylib
0x00007ff815488000 	/usr/lib/system/libcorecrypto.dylib
0x00007ff815546000 	/usr/lib/system/libdispatch.dylib
0x00007ff815706000 	/usr/lib/system/libdyld.dylib
0x00007ff8204e3000 	/usr/lib/system/libkeymgr.dylib
0x00007ff820486000 	/usr/lib/system/libmacho.dylib
0x00007ff81fb07000 	/usr/lib/system/libquarantine.dylib
0x00007ff8204e1000 	/usr/lib/system/libremovefile.dylib
0x00007ff81a69d000 	/usr/lib/system/libsystem_asl.dylib
0x00007ff815431000 	/usr/lib/system/libsystem_blocks.dylib
0x00007ff8155ca000 	/usr/lib/system/libsystem_c.dylib
0x00007ff8204d9000 	/usr/lib/system/libsystem_collections.dylib
0x00007ff81edbb000 	/usr/lib/system/libsystem_configuration.dylib
0x00007ff81e068000 	/usr/lib/system/libsystem_containermanager.dylib
0x00007ff8201be000 	/usr/lib/system/libsystem_coreservices.dylib
0x00007ff817d41000 	/usr/lib/system/libsystem_darwin.dylib
0x00007ff8204e4000 	/usr/lib/system/libsystem_dnssd.dylib
0x00007ff8155c7000 	/usr/lib/system/libsystem_featureflags.dylib
0x00007ff81571c000 	/usr/lib/system/libsystem_info.dylib
0x00007ff820424000 	/usr/lib/system/libsystem_m.dylib
0x00007ff81551a000 	/usr/lib/system/libsystem_malloc.dylib
0x00007ff81a638000 	/usr/lib/system/libsystem_networkextension.dylib
0x00007ff818167000 	/usr/lib/system/libsystem_notify.dylib
0x00007ff82675d000 	/usr/lib/system/libsystem_product_info_filter.dylib
0x00007ff81edbf000 	/usr/lib/system/libsystem_sandbox.dylib
0x00007ff8204de000 	/usr/lib/system/libsystem_secinit.dylib
0x00007ff8156c2000 	/usr/lib/system/libsystem_kernel.dylib
0x00007ff815712000 	/usr/lib/system/libsystem_platform.dylib
0x00007ff8156fa000 	/usr/lib/system/libsystem_pthread.dylib
0x00007ff81bee9000 	/usr/lib/system/libsystem_symptoms.dylib
0x00007ff81546f000 	/usr/lib/system/libsystem_trace.dylib
0x00007ff8204b4000 	/usr/lib/system/libunwind.dylib
0x00007ff815433000 	/usr/lib/system/libxpc.dylib
0x00007ff8156ac000 	/usr/lib/libc++abi.dylib
0x00007ff8204bf000 	/usr/lib/liboah.dylib
0x00007ff820c45000 	/usr/lib/liblzma.5.dylib
0x00007ff8162d8000 	/System/Library/Frameworks/SystemConfiguration.framework/Versions/A/SystemConfiguration
0x00007ff8204f3000 	/usr/lib/libfakelink.dylib
0x00007ff81a1a9000 	/System/Library/Frameworks/CFNetwork.framework/Versions/A/CFNetwork
0x00007ff820634000 	/usr/lib/libarchive.2.dylib
0x00007ff81edc7000 	/System/Library/PrivateFrameworks/AppleSystemInfo.framework/Versions/A/AppleSystemInfo
0x00007ff81fb2e000 	/usr/lib/libbsm.0.dylib
0x00007ff8197b8000 	/usr/lib/libnetwork.dylib
0x00007ff82048c000 	/usr/lib/system/libkxld.dylib
0x00007ff81f761000 	/System/Library/PrivateFrameworks/IOMobileFramebuffer.framework/Versions/A/IOMobileFramebuffer
0x00007ffb2d8a4000 	/usr/lib/libCoreEntitlements.dylib
0x00007ff8201a0000 	/System/Library/PrivateFrameworks/AppleFSCompression.framework/Versions/A/AppleFSCompression
0x00007ff81fb16000 	/usr/lib/libcoretls.dylib
0x00007ff820c5f000 	/usr/lib/libcoretls_cfhelpers.dylib
0x00007ff820776000 	/usr/lib/libpam.2.dylib
0x00007ff81bb09000 	/usr/lib/libsqlite3.dylib
0x00007ff820cce000 	/usr/lib/libxar.1.dylib
0x00007ff8201b0000 	/usr/lib/libbz2.1.0.dylib
0x00007ff8204f8000 	/usr/lib/libpcap.A.dylib
0x00007ff81bee1000 	/usr/lib/libdns_services.dylib
0x00007ff820746000 	/usr/lib/libapple_nghttp2.dylib
0x00007ff820532000 	/usr/lib/libiconv.2.dylib
0x00007ff820485000 	/usr/lib/libcharset.1.dylib
0x00007ff81ce3c000 	/System/Library/Frameworks/CoreServices.framework/Versions/A/Frameworks/FSEvents.framework/Versions/A/FSEvents
0x00007ff817d4b000 	/System/Library/Frameworks/CoreServices.framework/Versions/A/Frameworks/CarbonCore.framework/Versions/A/CarbonCore
0x00007ff81c12a000 	/System/Library/Frameworks/CoreServices.framework/Versions/A/Frameworks/Metadata.framework/Versions/A/Metadata
0x00007ff8201c3000 	/System/Library/Frameworks/CoreServices.framework/Versions/A/Frameworks/OSServices.framework/Versions/A/OSServices
0x00007ff8206bb000 	/System/Library/Frameworks/CoreServices.framework/Versions/A/Frameworks/SearchKit.framework/Versions/A/SearchKit
0x00007ff81be74000 	/System/Library/Frameworks/CoreServices.framework/Versions/A/Frameworks/AE.framework/Versions/A/AE
0x00007ff815c4a000 	/System/Library/Frameworks/CoreServices.framework/Versions/A/Frameworks/LaunchServices.framework/Versions/A/LaunchServices
0x00007ff820bf6000 	/System/Library/Frameworks/CoreServices.framework/Versions/A/Frameworks/DictionaryServices.framework/Versions/A/DictionaryServices
0x00007ff81ce49000 	/System/Library/Frameworks/CoreServices.framework/Versions/A/Frameworks/SharedFileList.framework/Versions/A/SharedFileList
0x00007ff81fb0a000 	/usr/lib/libCheckFix.dylib
0x00007ff81a6b4000 	/System/Library/PrivateFrameworks/TCC.framework/Versions/A/TCC
0x00007ff81edcd000 	/System/Library/PrivateFrameworks/CoreNLP.framework/Versions/A/CoreNLP
0x00007ff81c0da000 	/System/Library/PrivateFrameworks/MetadataUtilities.framework/Versions/A/MetadataUtilities
0x00007ff81638c000 	/usr/lib/libmecabra.dylib
0x00007ff81fb3e000 	/usr/lib/libmecab.dylib
0x00007ff816357000 	/usr/lib/libCRFSuite.dylib
0x00007ff81fb98000 	/usr/lib/libgermantok.dylib
0x00007ff820721000 	/usr/lib/libThaiTokenizer.dylib
0x00007ff81c1cd000 	/System/Library/Frameworks/Accelerate.framework/Versions/A/Frameworks/vImage.framework/Versions/A/vImage
0x00007ff82685f000 	/System/Library/Frameworks/Accelerate.framework/Versions/A/Frameworks/vecLib.framework/Versions/A/vecLib
0x00007ff820d0f000 	/System/Library/Frameworks/Accelerate.framework/Versions/A/Frameworks/vecLib.framework/Versions/A/libvMisc.dylib
0x00007ff81f58c000 	/System/Library/Frameworks/Accelerate.framework/Versions/A/Frameworks/vecLib.framework/Versions/A/libvDSP.dylib
0x00007ff815fc8000 	/System/Library/Frameworks/Accelerate.framework/Versions/A/Frameworks/vecLib.framework/Versions/A/libBLAS.dylib
0x00007ff820858000 	/System/Library/Frameworks/Accelerate.framework/Versions/A/Frameworks/vecLib.framework/Versions/A/libLAPACK.dylib
0x00007ff81fb9b000 	/System/Library/Frameworks/Accelerate.framework/Versions/A/Frameworks/vecLib.framework/Versions/A/libLinearAlgebra.dylib
0x00007ff82075e000 	/System/Library/Frameworks/Accelerate.framework/Versions/A/Frameworks/vecLib.framework/Versions/A/libSparseBLAS.dylib
0x00007ff820852000 	/System/Library/Frameworks/Accelerate.framework/Versions/A/Frameworks/vecLib.framework/Versions/A/libQuadrature.dylib
0x00007ff81eeb8000 	/System/Library/Frameworks/Accelerate.framework/Versions/A/Frameworks/vecLib.framework/Versions/A/libBNNS.dylib
0x00007ff816262000 	/System/Library/Frameworks/Accelerate.framework/Versions/A/Frameworks/vecLib.framework/Versions/A/libSparse.dylib
0x00007ff81eeb1000 	/System/Library/PrivateFrameworks/LinguisticData.framework/Versions/A/LinguisticData
0x00007ff816218000 	/System/Library/PrivateFrameworks/Lexicon.framework/Versions/A/Lexicon
0x00007ff820d08000 	/usr/lib/libChineseTokenizer.dylib
0x00007ff816986000 	/System/Library/PrivateFrameworks/LanguageModeling.framework/Versions/A/LanguageModeling
0x00007ff820723000 	/System/Library/PrivateFrameworks/AppleSauce.framework/Versions/A/AppleSauce
0x00007ff81f74f000 	/System/Library/PrivateFrameworks/CoreEmoji.framework/Versions/A/CoreEmoji
0x00007ff820623000 	/usr/lib/libcmph.dylib
0x00007ff81ce20000 	/System/Library/Frameworks/OpenDirectory.framework/Versions/A/Frameworks/CFOpenDirectory.framework/Versions/A/CFOpenDirectory
0x00007ff81ce14000 	/System/Library/Frameworks/OpenDirectory.framework/Versions/A/OpenDirectory
0x00007ff820c61000 	/System/Library/PrivateFrameworks/APFS.framework/Versions/A/APFS
0x00007ff81fa65000 	/System/Library/Frameworks/SecurityFoundation.framework/Versions/A/SecurityFoundation
0x00007ff820cdc000 	/usr/lib/libutil.dylib
0x00007ff818075000 	/System/Library/PrivateFrameworks/CoreServicesStore.framework/Versions/A/CoreServicesStore
0x00007ff820ce0000 	/usr/lib/libxslt.1.dylib
0x00007ff81faf2000 	/System/Library/PrivateFrameworks/BackgroundTaskManagement.framework/Versions/A/BackgroundTaskManagement
0x00007ff82214b000 	/System/Library/Frameworks/ImageIO.framework/Versions/A/Resources/libRadiance.dylib
0x00007ff822154000 	/System/Library/Frameworks/ImageIO.framework/Versions/A/Resources/libJPEG.dylib
0x00007ff8220a5000 	/System/Library/Frameworks/ImageIO.framework/Versions/A/Resources/libPng.dylib
0x00007ff8220c6000 	/System/Library/Frameworks/ImageIO.framework/Versions/A/Resources/libTIFF.dylib
0x00007ff8221b4000 	/System/Library/Frameworks/ImageIO.framework/Versions/A/Resources/libGIF.dylib
0x00007ff8219e0000 	/System/Library/Frameworks/ImageIO.framework/Versions/A/Resources/libJP2.dylib
0x00007ff82111e000 	/usr/lib/libexpat.1.dylib
0x00007ff821995000 	/System/Library/PrivateFrameworks/AppleJPEG.framework/Versions/A/AppleJPEG
0x00007ff81e302000 	/System/Library/PrivateFrameworks/FontServices.framework/libFontParser.dylib
0x00007ff81be1e000 	/System/Library/PrivateFrameworks/RunningBoardServices.framework/Versions/A/RunningBoardServices
0x00007ff82cb17000 	/System/Library/PrivateFrameworks/IOSurfaceAccelerator.framework/Versions/A/IOSurfaceAccelerator
0x00007ff821ac2000 	/System/Library/PrivateFrameworks/WatchdogClient.framework/Versions/A/WatchdogClient
0x00007ff816a74000 	/System/Library/Frameworks/CoreDisplay.framework/Versions/A/CoreDisplay
0x00007ff81e200000 	/System/Library/Frameworks/CoreMedia.framework/Versions/A/CoreMedia
0x00007ff81e097000 	/System/Library/PrivateFrameworks/IOAccelerator.framework/Versions/A/IOAccelerator
0x00007ff81cf9d000 	/System/Library/Frameworks/CoreVideo.framework/Versions/A/CoreVideo
0x00007ff820774000 	/System/Library/Frameworks/MetalPerformanceShaders.framework/Versions/A/MetalPerformanceShaders
0x00007ff821aff000 	/System/Library/Frameworks/VideoToolbox.framework/Versions/A/VideoToolbox
0x00007ff81bd68000 	/System/Library/PrivateFrameworks/BaseBoard.framework/Versions/A/BaseBoard
0x00007ff81baef000 	/System/Library/PrivateFrameworks/ProtocolBuffer.framework/Versions/A/ProtocolBuffer
0x00007ff822144000 	/System/Library/PrivateFrameworks/GPUWrangler.framework/Versions/A/GPUWrangler
0x00007ff822128000 	/System/Library/PrivateFrameworks/IOPresentment.framework/Versions/A/IOPresentment
0x00007ff82214e000 	/System/Library/PrivateFrameworks/DSExternalDisplay.framework/Versions/A/DSExternalDisplay
0x00007ffa2e4c4000 	/System/Library/Frameworks/OpenGL.framework/Versions/A/Libraries/libCoreFSCache.dylib
0x00007ffb1afc8000 	/System/Library/PrivateFrameworks/GPUCompiler.framework/Versions/31001/Libraries/libGPUCompilerUtils.dylib
0x00007ff8221b9000 	/System/Library/PrivateFrameworks/CMCaptureCore.framework/Versions/A/CMCaptureCore
0x00007ff8216c6000 	/System/Library/PrivateFrameworks/AppServerSupport.framework/Versions/A/AppServerSupport
0x00007ff823985000 	/System/Library/PrivateFrameworks/perfdata.framework/Versions/A/perfdata
0x00007ff816ba0000 	/System/Library/PrivateFrameworks/AudioToolboxCore.framework/Versions/A/AudioToolboxCore
0x00007ff81e1de000 	/System/Library/PrivateFrameworks/caulk.framework/Versions/A/caulk
0x00007ff823297000 	/usr/lib/libAudioStatistics.dylib
0x00007ff91af8e000 	/System/Library/PrivateFrameworks/SystemPolicy.framework/Versions/A/SystemPolicy
0x00007ff8234f2000 	/usr/lib/libSMC.dylib
0x00007ff82c40f000 	/System/Library/Frameworks/CoreMIDI.framework/Versions/A/CoreMIDI
0x00007ff822074000 	/usr/lib/libAudioToolboxUtility.dylib
0x00007ff9171c3000 	/System/Library/PrivateFrameworks/OSAServicesClient.framework/Versions/A/OSAServicesClient
0x00007ff823992000 	/usr/lib/libperfcheck.dylib
0x00007ff91ba38000 	/usr/lib/libmis.dylib
0x00007ffa2e51f000 	/System/Library/Frameworks/OpenGL.framework/Versions/A/Libraries/libGLU.dylib
0x00007ffa2e4e3000 	/System/Library/Frameworks/OpenGL.framework/Versions/A/Libraries/libGFXShared.dylib
0x00007ffa2e6ec000 	/System/Library/Frameworks/OpenGL.framework/Versions/A/Libraries/libGL.dylib
0x00007ffa2e4ec000 	/System/Library/Frameworks/OpenGL.framework/Versions/A/Libraries/libGLImage.dylib
0x00007ffa2e4e0000 	/System/Library/Frameworks/OpenGL.framework/Versions/A/Libraries/libCVMSPluginSupport.dylib
0x00007ffa2e4cb000 	/System/Library/Frameworks/OpenGL.framework/Versions/A/Libraries/libCoreVMClient.dylib
0x00007ff81ed49000 	/System/Library/Frameworks/MetalPerformanceShaders.framework/Versions/A/Frameworks/MPSCore.framework/Versions/A/MPSCore
0x00007ff82010b000 	/System/Library/Frameworks/MetalPerformanceShaders.framework/Versions/A/Frameworks/MPSImage.framework/Versions/A/MPSImage
0x00007ff81fbb1000 	/System/Library/Frameworks/MetalPerformanceShaders.framework/Versions/A/Frameworks/MPSNeuralNetwork.framework/Versions/A/MPSNeuralNetwork
0x00007ff820025000 	/System/Library/Frameworks/MetalPerformanceShaders.framework/Versions/A/Frameworks/MPSMatrix.framework/Versions/A/MPSMatrix
0x00007ff81fde0000 	/System/Library/Frameworks/MetalPerformanceShaders.framework/Versions/A/Frameworks/MPSRayIntersector.framework/Versions/A/MPSRayIntersector
0x00007ff82005d000 	/System/Library/Frameworks/MetalPerformanceShaders.framework/Versions/A/Frameworks/MPSNDArray.framework/Versions/A/MPSNDArray
0x00007ffa336e6000 	/System/Library/Frameworks/MetalPerformanceShaders.framework/Versions/A/Frameworks/MPSFunctions.framework/Versions/A/MPSFunctions
0x00007ff815ea1000 	/System/Library/PrivateFrameworks/MetalTools.framework/Versions/A/MetalTools
0x00007ff81edc5000 	/System/Library/PrivateFrameworks/AggregateDictionary.framework/Versions/A/AggregateDictionary
0x00007ff820f00000 	/usr/lib/libIOReport.dylib
0x00007ffa2fafb000 	/System/Library/Frameworks/OpenCL.framework/Versions/A/OpenCL
0x00007ff821264000 	/System/Library/PrivateFrameworks/FaceCore.framework/Versions/A/FaceCore
0x00007ff821255000 	/System/Library/PrivateFrameworks/GraphVisualizer.framework/Versions/A/GraphVisualizer
0x00007ffb1aed3000 	/System/Library/PrivateFrameworks/FontServices.framework/Versions/A/FontServices
0x00007ff82167e000 	/System/Library/PrivateFrameworks/OTSVG.framework/Versions/A/OTSVG
0x00007ff81cb84000 	/System/Library/Frameworks/ApplicationServices.framework/Versions/A/Frameworks/ATS.framework/Versions/A/Resources/libFontRegistry.dylib
0x00007ff8216ce000 	/System/Library/PrivateFrameworks/FontServices.framework/libhvf.dylib
0x00007ffb1aed4000 	/System/Library/PrivateFrameworks/FontServices.framework/libXTFontStaticRegistryData.dylib
0x00007ff8210ce000 	/System/Library/PrivateFrameworks/AppleVA.framework/Versions/A/AppleVA
0x00007ff8232b7000 	/System/Library/Frameworks/ApplicationServices.framework/Versions/A/Frameworks/ATS.framework/Versions/A/ATS
0x00007ff81b235000 	/System/Library/Frameworks/ApplicationServices.framework/Versions/A/Frameworks/HIServices.framework/Versions/A/HIServices
0x00007ff8221c3000 	/System/Library/Frameworks/ApplicationServices.framework/Versions/A/Frameworks/PrintCore.framework/Versions/A/PrintCore
0x00007ff823645000 	/System/Library/Frameworks/ApplicationServices.framework/Versions/A/Frameworks/QD.framework/Versions/A/QD
0x00007ff82363d000 	/System/Library/Frameworks/ApplicationServices.framework/Versions/A/Frameworks/ColorSyncLegacy.framework/Versions/A/ColorSyncLegacy
0x00007ff8232a7000 	/System/Library/Frameworks/ApplicationServices.framework/Versions/A/Frameworks/SpeechSynthesis.framework/Versions/A/SpeechSynthesis
0x00007ff822184000 	/System/Library/Frameworks/ApplicationServices.framework/Versions/A/Frameworks/ATSUI.framework/Versions/A/ATSUI
0x00007ff8235d2000 	/usr/lib/libcups.2.dylib
0x00007ff8239a1000 	/System/Library/Frameworks/Kerberos.framework/Versions/A/Kerberos
0x00007ff8239b0000 	/System/Library/Frameworks/GSS.framework/Versions/A/GSS
0x00007ff823323000 	/usr/lib/libresolv.9.dylib
0x00007ff8216dd000 	/System/Library/PrivateFrameworks/Heimdal.framework/Versions/A/Heimdal
0x00007ff82a592000 	/System/Library/Frameworks/Kerberos.framework/Versions/A/Libraries/libHeimdalProxy.dylib
0x00007ff81bef1000 	/System/Library/Frameworks/Network.framework/Versions/A/Network
0x00007ff821138000 	/usr/lib/libheimdal-asn1.dylib
0x00007ff8239fb000 	/System/Library/PrivateFrameworks/CommonAuth.framework/Versions/A/CommonAuth
0x00007ff823229000 	/System/Library/PrivateFrameworks/AudioSession.framework/Versions/A/AudioSession
0x00007ff8211c8000 	/System/Library/PrivateFrameworks/MediaExperience.framework/Versions/A/MediaExperience
0x00007ff8230bc000 	/System/Library/PrivateFrameworks/AudioSession.framework/libSessionUtility.dylib
0x00007ff823651000 	/System/Library/PrivateFrameworks/AudioResourceArbitration.framework/Versions/A/AudioResourceArbitration
0x00007ff8276d2000 	/System/Library/PrivateFrameworks/PowerLog.framework/Versions/A/PowerLog
0x00007ff821141000 	/System/Library/PrivateFrameworks/IconFoundation.framework/Versions/A/IconFoundation
0x00007ff826488000 	/System/Library/PrivateFrameworks/SpeechRecognitionCore.framework/Versions/A/SpeechRecognitionCore
0x000000010a298000 	/Library/Java/JavaVirtualMachines/temurin-11.jdk/Contents/Home/lib/server/libjvm.dylib
0x0000000109500000 	/Library/Java/JavaVirtualMachines/temurin-11.jdk/Contents/Home/lib/libverify.dylib
0x000000010953d000 	/Library/Java/JavaVirtualMachines/temurin-11.jdk/Contents/Home/lib/libjava.dylib
0x0000000109511000 	/Library/Java/JavaVirtualMachines/temurin-11.jdk/Contents/Home/lib/libjimage.dylib
0x000000010952a000 	/Library/Java/JavaVirtualMachines/temurin-11.jdk/Contents/Home/lib/libzip.dylib
0x0000000109fe3000 	/Library/Java/JavaVirtualMachines/temurin-11.jdk/Contents/Home/lib/libnio.dylib
0x000000010a00f000 	/Library/Java/JavaVirtualMachines/temurin-11.jdk/Contents/Home/lib/libnet.dylib
0x0000000109ff6000 	/Users/alessandromaggio/.openjfx/cache/11/libprism_es2.dylib
0x00007ff818037000 	/System/Library/PrivateFrameworks/CoreServicesInternal.framework/Versions/A/CoreServicesInternal
0x00007ffa2e6f7000 	/System/Library/Frameworks/OpenGL.framework/Versions/A/Resources/GLEngine.bundle/GLEngine
0x00007ffa2e55d000 	/System/Library/Frameworks/OpenGL.framework/Versions/A/Libraries/libGLProgrammability.dylib
0x00007ffa26ed1000 	/System/Library/Extensions/AppleIntelBDWGraphicsGLDriver.bundle/Contents/MacOS/AppleIntelBDWGraphicsGLDriver
0x00007ff925bbd000 	/System/Library/PrivateFrameworks/GPUSupport.framework/Versions/A/Libraries/libGPUSupportMercury.dylib
0x00007ffa2e881000 	/System/Library/Frameworks/OpenGL.framework/Versions/A/Resources/GLRendererFloat.bundle/GLRendererFloat
0x0000000112861000 	/Users/alessandromaggio/.openjfx/cache/11/libglass.dylib
0x00007ff827cc3000 	/System/Library/Frameworks/FileProvider.framework/Versions/A/FileProvider
0x00007ff81bcd5000 	/System/Library/Frameworks/Accounts.framework/Versions/A/Accounts
0x00007ff827e3c000 	/System/Library/PrivateFrameworks/GenerationalStorage.framework/Versions/A/GenerationalStorage
0x00007ff82894c000 	/System/Library/PrivateFrameworks/CoreSymbolication.framework/Versions/A/CoreSymbolication
0x00007ff8276c7000 	/System/Library/PrivateFrameworks/SymptomDiagnosticReporter.framework/Versions/A/SymptomDiagnosticReporter
0x00007ff8192f6000 	/System/Library/PrivateFrameworks/DesktopServicesPriv.framework/Versions/A/DesktopServicesPriv
0x00007ff818176000 	/usr/lib/libsandbox.1.dylib
0x00007ff81d01c000 	/System/Library/PrivateFrameworks/UserManagement.framework/Versions/A/UserManagement
0x00007ff828911000 	/System/Library/PrivateFrameworks/DebugSymbols.framework/Versions/A/DebugSymbols
0x00007ff823632000 	/System/Library/PrivateFrameworks/NetAuth.framework/Versions/A/NetAuth
0x00007ff824541000 	/System/Library/PrivateFrameworks/Sharing.framework/Versions/A/Sharing
0x00007ff81cfef000 	/System/Library/PrivateFrameworks/login.framework/Versions/A/Frameworks/loginsupport.framework/Versions/A/loginsupport
0x00007ff829aaf000 	/System/Library/PrivateFrameworks/Apple80211.framework/Versions/A/Apple80211
0x00007ff8201f0000 	/System/Library/PrivateFrameworks/AuthKit.framework/Versions/A/AuthKit
0x00007ff81f845000 	/System/Library/PrivateFrameworks/CoreUtils.framework/Versions/A/CoreUtils
0x00007ff81f76c000 	/System/Library/Frameworks/CoreWLAN.framework/Versions/A/CoreWLAN
0x00007ff8246a0000 	/System/Library/Frameworks/IOBluetooth.framework/Versions/A/IOBluetooth
0x00007ff829b17000 	/System/Library/PrivateFrameworks/CoreWiFi.framework/Versions/A/CoreWiFi
0x00007ff8284e6000 	/System/Library/PrivateFrameworks/FrontBoardServices.framework/Versions/A/FrontBoardServices
0x00007ff828577000 	/System/Library/PrivateFrameworks/BoardServices.framework/Versions/A/BoardServices
0x00007ff81fa54000 	/System/Library/PrivateFrameworks/AssertionServices.framework/Versions/A/AssertionServices
0x00007ff829c9a000 	/System/Library/PrivateFrameworks/BackBoardServices.framework/Versions/A/BackBoardServices
0x00007ff823a8c000 	/System/Library/PrivateFrameworks/CorePhoneNumbers.framework/Versions/A/CorePhoneNumbers
0x00007ff823350000 	/System/Library/PrivateFrameworks/MultiverseSupport.framework/Versions/A/MultiverseSupport
0x00007ff829f0d000 	/System/Library/PrivateFrameworks/RemoteServiceDiscovery.framework/Versions/A/RemoteServiceDiscovery
0x00007ff8277e4000 	/System/Library/PrivateFrameworks/DiskManagement.framework/Versions/A/DiskManagement
0x00007ff8276f8000 	/System/Library/PrivateFrameworks/AppleIDAuthSupport.framework/Versions/A/AppleIDAuthSupport
0x00007ffb1586a000 	/System/Library/PrivateFrameworks/AAAFoundation.framework/Versions/A/AAAFoundation
0x00007ff823a6d000 	/System/Library/PrivateFrameworks/KeychainCircle.framework/Versions/A/KeychainCircle
0x00007ff829f1d000 	/System/Library/PrivateFrameworks/RemoteXPC.framework/Versions/A/RemoteXPC
0x00007ff8277b0000 	/System/Library/PrivateFrameworks/MediaKit.framework/Versions/A/MediaKit
0x00007ff827704000 	/System/Library/Frameworks/DiscRecording.framework/Versions/A/DiscRecording
0x00007ff821046000 	/usr/lib/libCoreStorage.dylib
0x00007ff829f88000 	/usr/lib/libcsfde.dylib
0x00007ff82476d000 	/System/Library/PrivateFrameworks/ProtectedCloudStorage.framework/Versions/A/ProtectedCloudStorage
0x00007ff829f84000 	/System/Library/PrivateFrameworks/EFILogin.framework/Versions/A/EFILogin
0x00007ff827e62000 	/System/Library/PrivateFrameworks/OctagonTrust.framework/Versions/A/OctagonTrust
0x00007ffb1a136000 	/System/Library/PrivateFrameworks/CoreUtilsExtras.framework/Versions/A/CoreUtilsExtras
0x00007ff82762b000 	/System/Library/Frameworks/CoreBluetooth.framework/Versions/A/CoreBluetooth
0x00007ff82a617000 	/System/Library/Frameworks/AudioUnit.framework/Versions/A/AudioUnit
0x00007ff82103e000 	/usr/lib/libMatch.1.dylib
0x00007ff92004a000 	/System/Library/Frameworks/Accelerate.framework/Versions/A/Frameworks/vImage.framework/Versions/A/Libraries/libCGInterfaces.dylib
0x0000000113103000 	/usr/lib/libobjc-trampolines.dylib
0x00007ff81cd14000 	/System/Library/PrivateFrameworks/ViewBridge.framework/Versions/A/ViewBridge
0x000000012f181000 	/Users/alessandromaggio/.openjfx/cache/11/libjavafx_font.dylib
0x0000000113214000 	/Library/Java/JavaVirtualMachines/temurin-11.jdk/Contents/Home/lib/libextnet.dylib
0x00007ff821794000 	/System/Library/PrivateFrameworks/login.framework/Versions/A/login
0x00007ffb2d993000 	/usr/lib/libRosetta.dylib


VM Arguments:
jvm_args: -Dfile.encoding=UTF-8 
java_command: it.polito.tdp.yelp.Main
java_class_path (initial): /Users/alessandromaggio/Desktop/UNI/3 anno/TDP/eclipse-workspace/2021-05-26-simulazione/target/classes:/Users/alessandromaggio/.m2/repository/org/openjfx/javafx-controls/11/javafx-controls-11.jar:/Users/alessandromaggio/.m2/repository/org/openjfx/javafx-controls/11/javafx-controls-11-mac.jar:/Users/alessandromaggio/.m2/repository/org/openjfx/javafx-graphics/11/javafx-graphics-11.jar:/Users/alessandromaggio/.m2/repository/org/openjfx/javafx-graphics/11/javafx-graphics-11-mac.jar:/Users/alessandromaggio/.m2/repository/org/openjfx/javafx-base/11/javafx-base-11.jar:/Users/alessandromaggio/.m2/repository/org/openjfx/javafx-base/11/javafx-base-11-mac.jar:/Users/alessandromaggio/.m2/repository/org/openjfx/javafx-fxml/11/javafx-fxml-11.jar:/Users/alessandromaggio/.m2/repository/org/openjfx/javafx-fxml/11/javafx-fxml-11-mac.jar:/Users/alessandromaggio/.m2/repository/com/zaxxer/HikariCP/3.4.2/HikariCP-3.4.2.jar:/Users/alessandromaggio/.m2/repository/org/slf4j/slf4j-api/1.7.25/slf4j-api-1.7.25.jar:/Users/alessandromaggio/.m2/repository/org/jgrapht/jgrapht-core/1.5.1/jgrapht-core-1.5.1.jar:/Users/alessandromaggio/.m2/repository/org/jheaps/jheaps/0.13/jheaps-0.13.jar:/Users/alessandromaggio/.m2/repository/org/mariadb/jdbc/mariadb-java-client/2.5.4/mariadb-java-client-2.5.4.jar:/Users/alessandromaggio/.m2/repository/org/slf4j/slf4j-log4j12/1.7.5/slf4j-log4j12-1.7.5.jar:/Users/alessandromaggio/.m2/repository/log4j/log4j/1.2.17/log4j-1.2.17.jar
Launcher Type: SUN_STANDARD

[Global flags]
     intx CICompilerCount                          = 3                                         {product} {ergonomic}
     uint ConcGCThreads                            = 1                                         {product} {ergonomic}
     uint G1ConcRefinementThreads                  = 4                                         {product} {ergonomic}
   size_t G1HeapRegionSize                         = 1048576                                   {product} {ergonomic}
    uintx GCDrainStackTargetSize                   = 64                                        {product} {ergonomic}
   size_t InitialHeapSize                          = 134217728                                 {product} {ergonomic}
   size_t MarkStackSize                            = 4194304                                   {product} {ergonomic}
   size_t MaxHeapSize                              = 2147483648                                {product} {ergonomic}
   size_t MaxNewSize                               = 1287651328                                {product} {ergonomic}
   size_t MinHeapDeltaBytes                        = 1048576                                   {product} {ergonomic}
    uintx NonNMethodCodeHeapSize                   = 5830732                                {pd product} {ergonomic}
    uintx NonProfiledCodeHeapSize                  = 122913754                              {pd product} {ergonomic}
    uintx ProfiledCodeHeapSize                     = 122913754                              {pd product} {ergonomic}
    uintx ReservedCodeCacheSize                    = 251658240                              {pd product} {ergonomic}
     bool SegmentedCodeCache                       = true                                      {product} {ergonomic}
     bool UseCompressedClassPointers               = true                                 {lp64_product} {ergonomic}
     bool UseCompressedOops                        = true                                 {lp64_product} {ergonomic}
     bool UseG1GC                                  = true                                      {product} {ergonomic}

Logging:
Log output configuration:
 #0: stdout all=warning uptime,level,tags
 #1: stderr all=off uptime,level,tags

Environment Variables:
PATH=/usr/bin:/bin:/usr/sbin:/sbin
SHELL=/bin/bash

Signal Handlers:
SIGSEGV: [libjvm.dylib+0x7c69d4], sa_mask[0]=11111111011111110111111111111111, sa_flags=SA_ONSTACK|SA_RESTART|SA_SIGINFO
SIGBUS: [libjvm.dylib+0x7c69d4], sa_mask[0]=11111111011111110111111111111111, sa_flags=SA_RESTART|SA_SIGINFO
SIGFPE: [libjvm.dylib+0x7c69d4], sa_mask[0]=11111111011111110111111111111111, sa_flags=SA_RESTART|SA_SIGINFO
SIGPIPE: [libjvm.dylib+0x62b2ae], sa_mask[0]=11111111011111110111111111111111, sa_flags=SA_RESTART|SA_SIGINFO
SIGXFSZ: [libjvm.dylib+0x62b2ae], sa_mask[0]=11111111011111110111111111111111, sa_flags=SA_RESTART|SA_SIGINFO
SIGILL: [libjvm.dylib+0x7c69d4], sa_mask[0]=11111111011111110111111111111111, sa_flags=SA_RESTART|SA_SIGINFO
SIGUSR2: [libjvm.dylib+0x62b895], sa_mask[0]=00100000000000000000000000000000, sa_flags=SA_RESTART|SA_SIGINFO
SIGHUP: [libjvm.dylib+0x62a477], sa_mask[0]=11111111011111110111111111111111, sa_flags=SA_RESTART|SA_SIGINFO
SIGINT: [libjvm.dylib+0x62a477], sa_mask[0]=11111111011111110111111111111111, sa_flags=SA_RESTART|SA_SIGINFO
SIGTERM: [libjvm.dylib+0x62a477], sa_mask[0]=11111111011111110111111111111111, sa_flags=SA_RESTART|SA_SIGINFO
SIGQUIT: [libjvm.dylib+0x62a477], sa_mask[0]=11111111011111110111111111111111, sa_flags=SA_RESTART|SA_SIGINFO


---------------  S Y S T E M  ---------------

OS:uname:Darwin 21.5.0 Darwin Kernel Version 21.5.0: Tue Apr 26 21:08:22 PDT 2022; root:xnu-8020.121.3~4/RELEASE_X86_64 x86_64
OS uptime: 1 days 3:42 hours
rlimit (soft/hard): STACK 8192k/65532k , CORE 0k/infinity , NPROC 1392/2088 , NOFILE 10240/infinity , AS infinity/infinity , CPU infinity/infinity , DATA infinity/infinity , FSIZE infinity/infinity , MEMLOCK infinity/infinity , RSS infinity/infinity
load average:4.13 3.52 2.89

CPU:total 4 (initial active 4) (2 cores per cpu, 2 threads per core) family 6 model 61 stepping 4 microcode 0x2f, cmov, cx8, fxsr, mmx, sse, sse2, sse3, ssse3, sse4.1, sse4.2, popcnt, avx, avx2, aes, clmul, erms, rtm, 3dnowpref, lzcnt, ht, tsc, tscinvbit, bmi1, bmi2, adx, fma

Memory: 4k page, physical 8388608k(473032k free), swap 1048576k(823808k free)

vm_info: OpenJDK 64-Bit Server VM (11.0.14.1+1) for bsd-amd64 JRE (11.0.14.1+1), built on Feb  8 2022 17:43:13 by "jenkins" with clang 4.2.1 Compatible Apple LLVM 10.0.1 (clang-1001.0.46.4)

END.
