#
# A fatal error has been detected by the Java Runtime Environment:
#
#  Internal Error (safepoint.cpp:919), pid=53191, tid=33799
#  fatal error: Illegal threadstate encountered: 4
#
# JRE version: OpenJDK Runtime Environment Temurin-11.0.14.1+1 (11.0.14.1+1) (build 11.0.14.1+1)
# Java VM: OpenJDK 64-Bit Server VM Temurin-11.0.14.1+1 (11.0.14.1+1, mixed mode, tiered, compressed oops, g1 gc, bsd-amd64)
# No core dump will be written. Core dumps have been disabled. To enable core dumping, try "ulimit -c unlimited" before starting Java again
#
# If you would like to submit a bug report, please visit:
#   https://github.com/adoptium/adoptium-support/issues
# The crash happened outside the Java Virtual Machine in native code.
# See problematic frame for where to report the bug.
#

---------------  S U M M A R Y ------------

Command Line: -agentlib:jdwp=transport=dt_socket,suspend=y,address=localhost:49347 -javaagent:/Applications/Eclipse.app/Contents/Eclipse/configuration/org.eclipse.osgi/215/0/.cp/lib/javaagent-shaded.jar -Dfile.encoding=UTF-8 it.polito.tdp.yelp.Main

Host: MacBookAir7,2 x86_64 1800 MHz, 4 cores, 8G, Darwin 21.5.0
Time: Tue Jun  7 13:38:38 2022 CEST elapsed time: 8.479121 seconds (0d 0h 0m 8s)

---------------  T H R E A D  ---------------

Current thread (0x00007f9fc4207000):  JavaThread "InvokeLaterDispatcher" daemon [_thread_in_native, id=33799, stack(0x00007000024dd000,0x00007000025dd000)]

Stack: [0x00007000024dd000,0x00007000025dd000],  sp=0x00007000025db2d0,  free space=1016k
Native frames: (J=compiled Java code, A=aot compiled Java code, j=interpreted, Vv=VM code, C=native code)
V  [libjvm.dylib+0x7c5ab3]  _ZN7VMError14report_and_dieEiPKcS1_P13__va_list_tagP6ThreadPhPvS7_S1_im+0x601
V  [libjvm.dylib+0x276985]  _Z12report_fatal11VMErrorTypePKciS1_z+0xc0
V  [libjvm.dylib+0x69bc15]  _ZN20SafepointSynchronize5blockEP10JavaThread+0x1d9
V  [libjvm.dylib+0x69d183]  _ZN18SafepointMechanism23block_if_requested_slowEP10JavaThread+0x1d
V  [libjvm.dylib+0x77e5c4]  _ZN10JavaThread44check_safepoint_and_suspend_for_native_transEPS_+0x9c
V  [libjvm.dylib+0x3f36ae]  jni_DeleteGlobalRef+0x93
C  [libglass.dylib+0x8871]  -[GlassRunnable dealloc]+0x31
C  [Foundation+0x818ee]  -[_NSThreadPerformInfo dealloc]+0x2a
C  [Foundation+0x4e466]  -[NSObject(NSThreadPerformAdditions) performSelectorOnMainThread:withObject:waitUntilDone:]+0x7c
j  com.sun.glass.ui.mac.MacApplication._submitForLaterInvocation(Ljava/lang/Runnable;)V+0
j  com.sun.glass.ui.mac.MacApplication.submitForLaterInvocation(Ljava/lang/Runnable;)V+2
j  com.sun.glass.ui.InvokeLaterDispatcher.run()V+82
v  ~StubRoutines::call_stub
V  [libjvm.dylib+0x3b7c22]  _ZN9JavaCalls11call_helperEP9JavaValueRK12methodHandleP17JavaCallArgumentsP6Thread+0x1fe
V  [libjvm.dylib+0x3b7088]  _ZN9JavaCalls12call_virtualEP9JavaValueP5KlassP6SymbolS5_P17JavaCallArgumentsP6Thread+0xee
V  [libjvm.dylib+0x3b7144]  _ZN9JavaCalls12call_virtualEP9JavaValue6HandleP5KlassP6SymbolS6_P6Thread+0x62
V  [libjvm.dylib+0x43dfce]  _ZL12thread_entryP10JavaThreadP6Thread+0x78
V  [libjvm.dylib+0x77d03c]  _ZN10JavaThread17thread_main_innerEv+0x82
V  [libjvm.dylib+0x77ce86]  _ZN10JavaThread3runEv+0x122
V  [libjvm.dylib+0x77ada0]  _ZN6Thread8call_runEv+0x68
V  [libjvm.dylib+0x6291d1]  _ZL19thread_native_entryP6Thread+0x139
C  [libsystem_pthread.dylib+0x64e1]  _pthread_start+0x7d
C  [libsystem_pthread.dylib+0x1f6b]  thread_start+0xf

Java frames: (J=compiled Java code, j=interpreted, Vv=VM code)
j  com.sun.glass.ui.mac.MacApplication._submitForLaterInvocation(Ljava/lang/Runnable;)V+0
j  com.sun.glass.ui.mac.MacApplication.submitForLaterInvocation(Ljava/lang/Runnable;)V+2
j  com.sun.glass.ui.InvokeLaterDispatcher.run()V+82
v  ~StubRoutines::call_stub

---------------  P R O C E S S  ---------------

Threads class SMR info:
_java_thread_list=0x00006000009459c0, length=22, elements={
0x00007f9fc401b800, 0x00007f9fc4825000, 0x00007f9fc404b000, 0x00007f9fc4052000,
0x00007f9fc4826800, 0x00007f9fc482a000, 0x00007f9fc4050000, 0x00007f9fc605b000,
0x00007f9fc4059000, 0x00007f9fc413a800, 0x00007f9fc48d6000, 0x00007f9fc58dc000,
0x00007f9fc4968000, 0x00007f9fc49bd800, 0x00007f9fc4207000, 0x00007f9fc5918800,
0x00007f9fc42b4000, 0x00007f9fc4b0c000, 0x00007f9fc9c90000, 0x00007f9fc9cbc800,
0x00007f9fc9cf2000, 0x00007f9fcda25800
}

Java Threads: ( => current thread )
  0x00007f9fc401b800 JavaThread "main" [_thread_blocked, id=9731, stack(0x0000700000a8c000,0x0000700000b8c000)]
  0x00007f9fc4825000 JavaThread "Reference Handler" daemon [_thread_blocked, id=13571, stack(0x00007000011a1000,0x00007000012a1000)]
  0x00007f9fc404b000 JavaThread "Finalizer" daemon [_thread_blocked, id=14083, stack(0x00007000012a4000,0x00007000013a4000)]
  0x00007f9fc4052000 JavaThread "Signal Dispatcher" daemon [_thread_blocked, id=16131, stack(0x00007000014ad000,0x00007000015ad000)]
  0x00007f9fc4826800 JavaThread "Service Thread" daemon [_thread_blocked, id=22019, stack(0x00007000015b0000,0x00007000016b0000)]
  0x00007f9fc482a000 JavaThread "C2 CompilerThread0" daemon [_thread_in_native, id=22531, stack(0x00007000016b3000,0x00007000017b3000)]
  0x00007f9fc4050000 JavaThread "C1 CompilerThread0" daemon [_thread_blocked, id=42499, stack(0x00007000017b6000,0x00007000018b6000)]
  0x00007f9fc605b000 JavaThread "Sweeper thread" daemon [_thread_blocked, id=23299, stack(0x00007000018b9000,0x00007000019b9000)]
  0x00007f9fc4059000 JavaThread "Common-Cleaner" daemon [_thread_blocked, id=23811, stack(0x00007000019bc000,0x0000700001abc000)]
  0x00007f9fc413a800 JavaThread "JDWP Transport Listener: dt_socket" daemon [_thread_blocked, id=24067, stack(0x0000700001bc2000,0x0000700001cc2000)]
  0x00007f9fc48d6000 JavaThread "JDWP Event Helper Thread" daemon [_thread_blocked, id=24579, stack(0x0000700001cc5000,0x0000700001dc5000)]
  0x00007f9fc58dc000 JavaThread "JDWP Command Reader" daemon [_thread_in_native, id=24835, stack(0x0000700001dc8000,0x0000700001ec8000)]
  0x00007f9fc4968000 JavaThread "JavaFX-Launcher" [_thread_blocked, id=39683, stack(0x0000700001fce000,0x00007000020ce000)]
  0x00007f9fc49bd800 JavaThread "QuantumRenderer-0" daemon [_thread_blocked, id=37891, stack(0x00007000023da000,0x00007000024da000)]
=>0x00007f9fc4207000 JavaThread "InvokeLaterDispatcher" daemon [_thread_in_native, id=33799, stack(0x00007000024dd000,0x00007000025dd000)]
  0x00007f9fc5918800 JavaThread "JavaFX Application Thread" [_thread_in_native_trans, id=259, stack(0x00007ff7b1470000,0x00007ff7b1c70000)]
  0x00007f9fc42b4000 JavaThread "Thread-3" daemon [_thread_in_native, id=82695, stack(0x00007000025e0000,0x0000700002660000)]
  0x00007f9fc4b0c000 JavaThread "HikariPool-1 housekeeper" daemon [_thread_blocked, id=74243, stack(0x00007000027ec000,0x00007000028ec000)]
  0x00007f9fc9c90000 JavaThread "HikariPool-1 connection adder" daemon [_thread_blocked, id=54787, stack(0x00007000028ef000,0x00007000029ef000)]
  0x00007f9fc9cbc800 JavaThread "Prism Font Disposer" daemon [_thread_blocked, id=71179, stack(0x00007000029f2000,0x0000700002af2000)]
  0x00007f9fc9cf2000 JavaThread "Cleaner-0" daemon [_thread_blocked, id=64275, stack(0x0000700002af5000,0x0000700002bf5000)]
  0x00007f9fcda25800 JavaThread "C2 CompilerThread1" daemon [_thread_in_native, id=25375, stack(0x0000700001ecb000,0x0000700001fcb000)]

Other Threads:
  0x00007f9fc580d000 VMThread "VM Thread" [stack: 0x000070000109e000,0x000070000119e000] [id=18435]
  0x00007f9fc5931800 WatcherThread [stack: 0x0000700001abf000,0x0000700001bbf000] [id=41479]
  0x00007f9fc4012000 GCTaskThread "GC Thread#0" [stack: 0x0000700000b8f000,0x0000700000c8f000] [id=11267]
  0x00007f9fc4910800 GCTaskThread "GC Thread#1" [stack: 0x00007000020d1000,0x00007000021d1000] [id=39171]
  0x00007f9fc49a4800 GCTaskThread "GC Thread#2" [stack: 0x00007000021d4000,0x00007000022d4000] [id=38659]
  0x00007f9fc492a800 GCTaskThread "GC Thread#3" [stack: 0x00007000022d7000,0x00007000023d7000] [id=38403]
  0x00007f9fc4048000 ConcurrentGCThread "G1 Main Marker" [stack: 0x0000700000c92000,0x0000700000d92000] [id=20483]
  0x00007f9fc600a800 ConcurrentGCThread "G1 Conc#0" [stack: 0x0000700000d95000,0x0000700000e95000] [id=12035]
  0x00007f9fc604f800 ConcurrentGCThread "G1 Refine#0" [stack: 0x0000700000e98000,0x0000700000f98000] [id=12291]
  0x00007f9fc6050000 ConcurrentGCThread "G1 Young RemSet Sampling" [stack: 0x0000700000f9b000,0x000070000109b000] [id=19203]

Threads with active compile tasks:
C2 CompilerThread0   8507 3753       4       com.sun.javafx.css.BitSet::addAll (338 bytes)
C2 CompilerThread1   8507 3682       4       javafx.css.SimpleSelector::applies (54 bytes)

VM state:not at safepoint (normal execution)

VM Mutex/Monitor currently owned by a thread: None

Heap address: 0x0000000780000000, size: 2048 MB, Compressed Oops mode: Zero based, Oop shift amount: 3
Narrow klass base: 0x0000000800000000, Narrow klass shift: 0
Compressed class space size: 1073741824 Address: 0x0000000800000000

Heap:
 garbage-first heap   total 131072K, used 28069K [0x0000000780000000, 0x0000000800000000)
  region size 1024K, 14 young (14336K), 6 survivors (6144K)
 Metaspace       used 32286K, capacity 33461K, committed 33664K, reserved 1079296K
  class space    used 3885K, capacity 4403K, committed 4480K, reserved 1048576K
Heap Regions: E=young(eden), S=young(survivor), O=old, HS=humongous(starts), HC=humongous(continues), CS=collection set, F=free, A=archive, TAMS=top-at-mark-start (previous, next)
|   0|0x0000000780000000, 0x0000000780100000, 0x0000000780100000|100%| O|  |TAMS 0x000000078006aa00, 0x0000000780000000| Untracked 
|   1|0x0000000780100000, 0x0000000780200000, 0x0000000780200000|100%| O|  |TAMS 0x0000000780100000, 0x0000000780100000| Untracked 
|   2|0x0000000780200000, 0x0000000780300000, 0x0000000780300000|100%| O|  |TAMS 0x0000000780200000, 0x0000000780200000| Untracked 
|   3|0x0000000780300000, 0x0000000780400000, 0x0000000780400000|100%| O|  |TAMS 0x0000000780300000, 0x0000000780300000| Untracked 
|   4|0x0000000780400000, 0x0000000780500000, 0x0000000780500000|100%| O|  |TAMS 0x0000000780400000, 0x0000000780400000| Untracked 
|   5|0x0000000780500000, 0x0000000780600000, 0x0000000780600000|100%| O|  |TAMS 0x0000000780500000, 0x0000000780500000| Untracked 
|   6|0x0000000780600000, 0x0000000780700000, 0x0000000780700000|100%| O|  |TAMS 0x0000000780600000, 0x0000000780600000| Untracked 
|   7|0x0000000780700000, 0x0000000780800000, 0x0000000780800000|100%| O|  |TAMS 0x0000000780700000, 0x0000000780700000| Untracked 
|   8|0x0000000780800000, 0x0000000780900000, 0x0000000780900000|100%| O|  |TAMS 0x0000000780800000, 0x0000000780800000| Untracked 
|   9|0x0000000780900000, 0x0000000780a00000, 0x0000000780a00000|100%| O|  |TAMS 0x0000000780900000, 0x0000000780900000| Untracked 
|  10|0x0000000780a00000, 0x0000000780b00000, 0x0000000780b00000|100%|HS|  |TAMS 0x0000000780a00000, 0x0000000780a00000| Complete 
|  11|0x0000000780b00000, 0x0000000780c00000, 0x0000000780c00000|100%|HC|  |TAMS 0x0000000780b00000, 0x0000000780b00000| Complete 
|  12|0x0000000780c00000, 0x0000000780d00000, 0x0000000780d00000|100%| O|  |TAMS 0x0000000780c00000, 0x0000000780c00000| Untracked 
|  13|0x0000000780d00000, 0x0000000780e00000, 0x0000000780e00000|100%| O|  |TAMS 0x0000000780d00000, 0x0000000780d00000| Untracked 
|  14|0x0000000780e00000, 0x0000000780eb5e00, 0x0000000780f00000| 71%| O|  |TAMS 0x0000000780e00000, 0x0000000780e00000| Untracked 
|  15|0x0000000780f00000, 0x0000000780f00000, 0x0000000781000000|  0%| F|  |TAMS 0x0000000780f00000, 0x0000000780f00000| Untracked 
|  16|0x0000000781000000, 0x0000000781000000, 0x0000000781100000|  0%| F|  |TAMS 0x0000000781000000, 0x0000000781000000| Untracked 
|  17|0x0000000781100000, 0x0000000781100000, 0x0000000781200000|  0%| F|  |TAMS 0x0000000781100000, 0x0000000781100000| Untracked 
|  18|0x0000000781200000, 0x0000000781200000, 0x0000000781300000|  0%| F|  |TAMS 0x0000000781200000, 0x0000000781200000| Untracked 
|  19|0x0000000781300000, 0x0000000781300000, 0x0000000781400000|  0%| F|  |TAMS 0x0000000781300000, 0x0000000781300000| Untracked 
|  20|0x0000000781400000, 0x0000000781400000, 0x0000000781500000|  0%| F|  |TAMS 0x0000000781400000, 0x0000000781400000| Untracked 
|  21|0x0000000781500000, 0x0000000781500000, 0x0000000781600000|  0%| F|  |TAMS 0x0000000781500000, 0x0000000781500000| Untracked 
|  22|0x0000000781600000, 0x0000000781600000, 0x0000000781700000|  0%| F|  |TAMS 0x0000000781600000, 0x0000000781600000| Untracked 
|  23|0x0000000781700000, 0x0000000781700000, 0x0000000781800000|  0%| F|  |TAMS 0x0000000781700000, 0x0000000781700000| Untracked 
|  24|0x0000000781800000, 0x0000000781800000, 0x0000000781900000|  0%| F|  |TAMS 0x0000000781800000, 0x0000000781800000| Untracked 
|  25|0x0000000781900000, 0x0000000781900000, 0x0000000781a00000|  0%| F|  |TAMS 0x0000000781900000, 0x0000000781900000| Untracked 
|  26|0x0000000781a00000, 0x0000000781a00000, 0x0000000781b00000|  0%| F|  |TAMS 0x0000000781a00000, 0x0000000781a00000| Untracked 
|  27|0x0000000781b00000, 0x0000000781b00000, 0x0000000781c00000|  0%| F|  |TAMS 0x0000000781b00000, 0x0000000781b00000| Untracked 
|  28|0x0000000781c00000, 0x0000000781c00000, 0x0000000781d00000|  0%| F|  |TAMS 0x0000000781c00000, 0x0000000781c00000| Untracked 
|  29|0x0000000781d00000, 0x0000000781d00000, 0x0000000781e00000|  0%| F|  |TAMS 0x0000000781d00000, 0x0000000781d00000| Untracked 
|  30|0x0000000781e00000, 0x0000000781e00000, 0x0000000781f00000|  0%| F|  |TAMS 0x0000000781e00000, 0x0000000781e00000| Untracked 
|  31|0x0000000781f00000, 0x0000000781f00000, 0x0000000782000000|  0%| F|  |TAMS 0x0000000781f00000, 0x0000000781f00000| Untracked 
|  32|0x0000000782000000, 0x0000000782000000, 0x0000000782100000|  0%| F|  |TAMS 0x0000000782000000, 0x0000000782000000| Untracked 
|  33|0x0000000782100000, 0x0000000782100000, 0x0000000782200000|  0%| F|  |TAMS 0x0000000782100000, 0x0000000782100000| Untracked 
|  34|0x0000000782200000, 0x0000000782200000, 0x0000000782300000|  0%| F|  |TAMS 0x0000000782200000, 0x0000000782200000| Untracked 
|  35|0x0000000782300000, 0x0000000782300000, 0x0000000782400000|  0%| F|  |TAMS 0x0000000782300000, 0x0000000782300000| Untracked 
|  36|0x0000000782400000, 0x0000000782400000, 0x0000000782500000|  0%| F|  |TAMS 0x0000000782400000, 0x0000000782400000| Untracked 
|  37|0x0000000782500000, 0x0000000782500000, 0x0000000782600000|  0%| F|  |TAMS 0x0000000782500000, 0x0000000782500000| Untracked 
|  38|0x0000000782600000, 0x0000000782600000, 0x0000000782700000|  0%| F|  |TAMS 0x0000000782600000, 0x0000000782600000| Untracked 
|  39|0x0000000782700000, 0x0000000782700000, 0x0000000782800000|  0%| F|  |TAMS 0x0000000782700000, 0x0000000782700000| Untracked 
|  40|0x0000000782800000, 0x0000000782800000, 0x0000000782900000|  0%| F|  |TAMS 0x0000000782800000, 0x0000000782800000| Untracked 
|  41|0x0000000782900000, 0x0000000782900000, 0x0000000782a00000|  0%| F|  |TAMS 0x0000000782900000, 0x0000000782900000| Untracked 
|  42|0x0000000782a00000, 0x0000000782a00000, 0x0000000782b00000|  0%| F|  |TAMS 0x0000000782a00000, 0x0000000782a00000| Untracked 
|  43|0x0000000782b00000, 0x0000000782b00000, 0x0000000782c00000|  0%| F|  |TAMS 0x0000000782b00000, 0x0000000782b00000| Untracked 
|  44|0x0000000782c00000, 0x0000000782c00000, 0x0000000782d00000|  0%| F|  |TAMS 0x0000000782c00000, 0x0000000782c00000| Untracked 
|  45|0x0000000782d00000, 0x0000000782d00000, 0x0000000782e00000|  0%| F|  |TAMS 0x0000000782d00000, 0x0000000782d00000| Untracked 
|  46|0x0000000782e00000, 0x0000000782e00000, 0x0000000782f00000|  0%| F|  |TAMS 0x0000000782e00000, 0x0000000782e00000| Untracked 
|  47|0x0000000782f00000, 0x0000000782f00000, 0x0000000783000000|  0%| F|  |TAMS 0x0000000782f00000, 0x0000000782f00000| Untracked 
|  48|0x0000000783000000, 0x0000000783000000, 0x0000000783100000|  0%| F|  |TAMS 0x0000000783000000, 0x0000000783000000| Untracked 
|  49|0x0000000783100000, 0x0000000783100000, 0x0000000783200000|  0%| F|  |TAMS 0x0000000783100000, 0x0000000783100000| Untracked 
|  50|0x0000000783200000, 0x0000000783200000, 0x0000000783300000|  0%| F|  |TAMS 0x0000000783200000, 0x0000000783200000| Untracked 
|  51|0x0000000783300000, 0x0000000783300000, 0x0000000783400000|  0%| F|  |TAMS 0x0000000783300000, 0x0000000783300000| Untracked 
|  52|0x0000000783400000, 0x0000000783400000, 0x0000000783500000|  0%| F|  |TAMS 0x0000000783400000, 0x0000000783400000| Untracked 
|  53|0x0000000783500000, 0x0000000783500000, 0x0000000783600000|  0%| F|  |TAMS 0x0000000783500000, 0x0000000783500000| Untracked 
|  54|0x0000000783600000, 0x0000000783600000, 0x0000000783700000|  0%| F|  |TAMS 0x0000000783600000, 0x0000000783600000| Untracked 
|  55|0x0000000783700000, 0x0000000783700000, 0x0000000783800000|  0%| F|  |TAMS 0x0000000783700000, 0x0000000783700000| Untracked 
|  56|0x0000000783800000, 0x00000007838b37a8, 0x0000000783900000| 70%| S|CS|TAMS 0x0000000783800000, 0x0000000783800000| Complete 
|  57|0x0000000783900000, 0x0000000783a00000, 0x0000000783a00000|100%| S|CS|TAMS 0x0000000783900000, 0x0000000783900000| Complete 
|  58|0x0000000783a00000, 0x0000000783b00000, 0x0000000783b00000|100%| S|CS|TAMS 0x0000000783a00000, 0x0000000783a00000| Complete 
|  59|0x0000000783b00000, 0x0000000783c00000, 0x0000000783c00000|100%| S|CS|TAMS 0x0000000783b00000, 0x0000000783b00000| Complete 
|  60|0x0000000783c00000, 0x0000000783d00000, 0x0000000783d00000|100%| S|CS|TAMS 0x0000000783c00000, 0x0000000783c00000| Complete 
|  61|0x0000000783d00000, 0x0000000783e00000, 0x0000000783e00000|100%| S|CS|TAMS 0x0000000783d00000, 0x0000000783d00000| Complete 
|  62|0x0000000783e00000, 0x0000000783e00000, 0x0000000783f00000|  0%| F|  |TAMS 0x0000000783e00000, 0x0000000783e00000| Untracked 
|  63|0x0000000783f00000, 0x0000000783f00000, 0x0000000784000000|  0%| F|  |TAMS 0x0000000783f00000, 0x0000000783f00000| Untracked 
|  64|0x0000000784000000, 0x0000000784000000, 0x0000000784100000|  0%| F|  |TAMS 0x0000000784000000, 0x0000000784000000| Untracked 
|  65|0x0000000784100000, 0x0000000784100000, 0x0000000784200000|  0%| F|  |TAMS 0x0000000784100000, 0x0000000784100000| Untracked 
|  66|0x0000000784200000, 0x0000000784200000, 0x0000000784300000|  0%| F|  |TAMS 0x0000000784200000, 0x0000000784200000| Untracked 
|  67|0x0000000784300000, 0x0000000784300000, 0x0000000784400000|  0%| F|  |TAMS 0x0000000784300000, 0x0000000784300000| Untracked 
|  68|0x0000000784400000, 0x0000000784400000, 0x0000000784500000|  0%| F|  |TAMS 0x0000000784400000, 0x0000000784400000| Untracked 
|  69|0x0000000784500000, 0x0000000784500000, 0x0000000784600000|  0%| F|  |TAMS 0x0000000784500000, 0x0000000784500000| Untracked 
|  70|0x0000000784600000, 0x0000000784600000, 0x0000000784700000|  0%| F|  |TAMS 0x0000000784600000, 0x0000000784600000| Untracked 
|  71|0x0000000784700000, 0x0000000784700000, 0x0000000784800000|  0%| F|  |TAMS 0x0000000784700000, 0x0000000784700000| Untracked 
|  72|0x0000000784800000, 0x0000000784800000, 0x0000000784900000|  0%| F|  |TAMS 0x0000000784800000, 0x0000000784800000| Untracked 
|  73|0x0000000784900000, 0x0000000784900000, 0x0000000784a00000|  0%| F|  |TAMS 0x0000000784900000, 0x0000000784900000| Untracked 
|  74|0x0000000784a00000, 0x0000000784a00000, 0x0000000784b00000|  0%| F|  |TAMS 0x0000000784a00000, 0x0000000784a00000| Untracked 
|  75|0x0000000784b00000, 0x0000000784b00000, 0x0000000784c00000|  0%| F|  |TAMS 0x0000000784b00000, 0x0000000784b00000| Untracked 
|  76|0x0000000784c00000, 0x0000000784c00000, 0x0000000784d00000|  0%| F|  |TAMS 0x0000000784c00000, 0x0000000784c00000| Untracked 
|  77|0x0000000784d00000, 0x0000000784d00000, 0x0000000784e00000|  0%| F|  |TAMS 0x0000000784d00000, 0x0000000784d00000| Untracked 
|  78|0x0000000784e00000, 0x0000000784e00000, 0x0000000784f00000|  0%| F|  |TAMS 0x0000000784e00000, 0x0000000784e00000| Untracked 
|  79|0x0000000784f00000, 0x0000000784f00000, 0x0000000785000000|  0%| F|  |TAMS 0x0000000784f00000, 0x0000000784f00000| Untracked 
|  80|0x0000000785000000, 0x0000000785000000, 0x0000000785100000|  0%| F|  |TAMS 0x0000000785000000, 0x0000000785000000| Untracked 
|  81|0x0000000785100000, 0x0000000785100000, 0x0000000785200000|  0%| F|  |TAMS 0x0000000785100000, 0x0000000785100000| Untracked 
|  82|0x0000000785200000, 0x0000000785200000, 0x0000000785300000|  0%| F|  |TAMS 0x0000000785200000, 0x0000000785200000| Untracked 
|  83|0x0000000785300000, 0x0000000785300000, 0x0000000785400000|  0%| F|  |TAMS 0x0000000785300000, 0x0000000785300000| Untracked 
|  84|0x0000000785400000, 0x0000000785400000, 0x0000000785500000|  0%| F|  |TAMS 0x0000000785400000, 0x0000000785400000| Untracked 
|  85|0x0000000785500000, 0x0000000785500000, 0x0000000785600000|  0%| F|  |TAMS 0x0000000785500000, 0x0000000785500000| Untracked 
|  86|0x0000000785600000, 0x0000000785600000, 0x0000000785700000|  0%| F|  |TAMS 0x0000000785600000, 0x0000000785600000| Untracked 
|  87|0x0000000785700000, 0x0000000785700000, 0x0000000785800000|  0%| F|  |TAMS 0x0000000785700000, 0x0000000785700000| Untracked 
|  88|0x0000000785800000, 0x0000000785800000, 0x0000000785900000|  0%| F|  |TAMS 0x0000000785800000, 0x0000000785800000| Untracked 
|  89|0x0000000785900000, 0x0000000785900000, 0x0000000785a00000|  0%| F|  |TAMS 0x0000000785900000, 0x0000000785900000| Untracked 
|  90|0x0000000785a00000, 0x0000000785a00000, 0x0000000785b00000|  0%| F|  |TAMS 0x0000000785a00000, 0x0000000785a00000| Untracked 
|  91|0x0000000785b00000, 0x0000000785b00000, 0x0000000785c00000|  0%| F|  |TAMS 0x0000000785b00000, 0x0000000785b00000| Untracked 
|  92|0x0000000785c00000, 0x0000000785c00000, 0x0000000785d00000|  0%| F|  |TAMS 0x0000000785c00000, 0x0000000785c00000| Untracked 
|  93|0x0000000785d00000, 0x0000000785d00000, 0x0000000785e00000|  0%| F|  |TAMS 0x0000000785d00000, 0x0000000785d00000| Untracked 
|  94|0x0000000785e00000, 0x0000000785e00000, 0x0000000785f00000|  0%| F|  |TAMS 0x0000000785e00000, 0x0000000785e00000| Untracked 
|  95|0x0000000785f00000, 0x0000000785f00000, 0x0000000786000000|  0%| F|  |TAMS 0x0000000785f00000, 0x0000000785f00000| Untracked 
|  96|0x0000000786000000, 0x0000000786000000, 0x0000000786100000|  0%| F|  |TAMS 0x0000000786000000, 0x0000000786000000| Untracked 
|  97|0x0000000786100000, 0x0000000786100000, 0x0000000786200000|  0%| F|  |TAMS 0x0000000786100000, 0x0000000786100000| Untracked 
|  98|0x0000000786200000, 0x0000000786200000, 0x0000000786300000|  0%| F|  |TAMS 0x0000000786200000, 0x0000000786200000| Untracked 
|  99|0x0000000786300000, 0x0000000786300000, 0x0000000786400000|  0%| F|  |TAMS 0x0000000786300000, 0x0000000786300000| Untracked 
| 100|0x0000000786400000, 0x0000000786400000, 0x0000000786500000|  0%| F|  |TAMS 0x0000000786400000, 0x0000000786400000| Untracked 
| 101|0x0000000786500000, 0x0000000786500000, 0x0000000786600000|  0%| F|  |TAMS 0x0000000786500000, 0x0000000786500000| Untracked 
| 102|0x0000000786600000, 0x0000000786600000, 0x0000000786700000|  0%| F|  |TAMS 0x0000000786600000, 0x0000000786600000| Untracked 
| 103|0x0000000786700000, 0x0000000786700000, 0x0000000786800000|  0%| F|  |TAMS 0x0000000786700000, 0x0000000786700000| Untracked 
| 104|0x0000000786800000, 0x0000000786800000, 0x0000000786900000|  0%| F|  |TAMS 0x0000000786800000, 0x0000000786800000| Untracked 
| 105|0x0000000786900000, 0x0000000786900000, 0x0000000786a00000|  0%| F|  |TAMS 0x0000000786900000, 0x0000000786900000| Untracked 
| 106|0x0000000786a00000, 0x0000000786a00000, 0x0000000786b00000|  0%| F|  |TAMS 0x0000000786a00000, 0x0000000786a00000| Untracked 
| 107|0x0000000786b00000, 0x0000000786b00000, 0x0000000786c00000|  0%| F|  |TAMS 0x0000000786b00000, 0x0000000786b00000| Untracked 
| 108|0x0000000786c00000, 0x0000000786c00000, 0x0000000786d00000|  0%| F|  |TAMS 0x0000000786c00000, 0x0000000786c00000| Untracked 
| 109|0x0000000786d00000, 0x0000000786d00000, 0x0000000786e00000|  0%| F|  |TAMS 0x0000000786d00000, 0x0000000786d00000| Untracked 
| 110|0x0000000786e00000, 0x0000000786e00000, 0x0000000786f00000|  0%| F|  |TAMS 0x0000000786e00000, 0x0000000786e00000| Untracked 
| 111|0x0000000786f00000, 0x0000000786f00000, 0x0000000787000000|  0%| F|  |TAMS 0x0000000786f00000, 0x0000000786f00000| Untracked 
| 112|0x0000000787000000, 0x0000000787000000, 0x0000000787100000|  0%| F|  |TAMS 0x0000000787000000, 0x0000000787000000| Untracked 
| 113|0x0000000787100000, 0x0000000787100000, 0x0000000787200000|  0%| F|  |TAMS 0x0000000787100000, 0x0000000787100000| Untracked 
| 114|0x0000000787200000, 0x0000000787200000, 0x0000000787300000|  0%| F|  |TAMS 0x0000000787200000, 0x0000000787200000| Untracked 
| 115|0x0000000787300000, 0x0000000787300000, 0x0000000787400000|  0%| F|  |TAMS 0x0000000787300000, 0x0000000787300000| Untracked 
| 116|0x0000000787400000, 0x0000000787400000, 0x0000000787500000|  0%| F|  |TAMS 0x0000000787400000, 0x0000000787400000| Untracked 
| 117|0x0000000787500000, 0x0000000787500000, 0x0000000787600000|  0%| F|  |TAMS 0x0000000787500000, 0x0000000787500000| Untracked 
| 118|0x0000000787600000, 0x0000000787600000, 0x0000000787700000|  0%| F|  |TAMS 0x0000000787600000, 0x0000000787600000| Untracked 
| 119|0x0000000787700000, 0x0000000787700000, 0x0000000787800000|  0%| F|  |TAMS 0x0000000787700000, 0x0000000787700000| Untracked 
| 120|0x0000000787800000, 0x0000000787880800, 0x0000000787900000| 50%| E|  |TAMS 0x0000000787800000, 0x0000000787800000| Complete 
| 121|0x0000000787900000, 0x0000000787a00000, 0x0000000787a00000|100%| E|CS|TAMS 0x0000000787900000, 0x0000000787900000| Complete 
| 122|0x0000000787a00000, 0x0000000787b00000, 0x0000000787b00000|100%| E|CS|TAMS 0x0000000787a00000, 0x0000000787a00000| Complete 
| 123|0x0000000787b00000, 0x0000000787c00000, 0x0000000787c00000|100%| E|CS|TAMS 0x0000000787b00000, 0x0000000787b00000| Complete 
| 124|0x0000000787c00000, 0x0000000787d00000, 0x0000000787d00000|100%| E|CS|TAMS 0x0000000787c00000, 0x0000000787c00000| Complete 
| 125|0x0000000787d00000, 0x0000000787e00000, 0x0000000787e00000|100%| E|CS|TAMS 0x0000000787d00000, 0x0000000787d00000| Complete 
| 126|0x0000000787e00000, 0x0000000787f00000, 0x0000000787f00000|100%| E|CS|TAMS 0x0000000787e00000, 0x0000000787e00000| Complete 
| 127|0x0000000787f00000, 0x0000000788000000, 0x0000000788000000|100%| E|CS|TAMS 0x0000000787f00000, 0x0000000787f00000| Complete 

Card table byte_map: [0x000000010ead7000,0x000000010eed7000] _byte_map_base: 0x000000010aed7000

Marking Bits (Prev, Next): (CMBitMap*) 0x00007f9fc403f850, (CMBitMap*) 0x00007f9fc403f818
 Prev Bits: [0x000000011236a000, 0x000000011436a000)
 Next Bits: [0x000000011036a000, 0x000000011236a000)

Polling page: 0x000000010e3cf000

Metaspace:

Usage:
  Non-class:     28.38 MB capacity,    27.74 MB ( 98%) used,   513.91 KB (  2%) free+waste,   143.06 KB ( <1%) overhead. 
      Class:      4.30 MB capacity,     3.79 MB ( 88%) used,   447.69 KB ( 10%) free+waste,    70.25 KB (  2%) overhead. 
       Both:     32.68 MB capacity,    31.53 MB ( 96%) used,   961.59 KB (  3%) free+waste,   213.31 KB ( <1%) overhead. 

Virtual space:
  Non-class space:       30.00 MB reserved,      28.50 MB ( 95%) committed 
      Class space:        1.00 GB reserved,       4.38 MB ( <1%) committed 
             Both:        1.03 GB reserved,      32.88 MB (  3%) committed 

Chunk freelists:
   Non-Class:  2.00 KB
       Class:  0 bytes
        Both:  2.00 KB

MaxMetaspaceSize: unlimited
CompressedClassSpaceSize: 1.00 GB
Initial GC threshold: 20.80 MB
Current GC threshold: 35.00 MB
CDS: off

CodeHeap 'non-profiled nmethods': size=120032Kb used=2050Kb max_used=2050Kb free=117981Kb
 bounds [0x0000000128277000, 0x00000001284e7000, 0x000000012f7af000]
CodeHeap 'profiled nmethods': size=120032Kb used=7526Kb max_used=7526Kb free=112505Kb
 bounds [0x0000000120d3f000, 0x000000012149f000, 0x0000000128277000]
CodeHeap 'non-nmethods': size=5696Kb used=1533Kb max_used=1617Kb free=4163Kb
 bounds [0x00000001207af000, 0x0000000120a1f000, 0x0000000120d3f000]
 total_blobs=4568 nmethods=3748 adapters=741
 compilation: enabled
              stopped_count=0, restarted_count=0
 full_count=0

Compilation events (20 events):
Event: 8.442 Thread 0x00007f9fc4050000 nmethod 3772 0x000000012846e510 code [0x000000012846e6c0, 0x000000012846e770]
Event: 8.443 Thread 0x00007f9fc4050000 3778       2       javafx.scene.text.Text::getX (19 bytes)
Event: 8.443 Thread 0x00007f9fc4050000 nmethod 3778 0x0000000121485d10 code [0x0000000121485ec0, 0x0000000121486040]
Event: 8.443 Thread 0x00007f9fc4050000 3779       2       javafx.scene.Node::getTranslateZ (19 bytes)
Event: 8.444 Thread 0x00007f9fc4050000 nmethod 3779 0x0000000121486110 code [0x00000001214862e0, 0x0000000121486480]
Event: 8.444 Thread 0x00007f9fc4050000 3780       1       javafx.geometry.Pos::getVpos (5 bytes)
Event: 8.445 Thread 0x00007f9fc4050000 nmethod 3780 0x000000012846e810 code [0x000000012846e9c0, 0x000000012846ea70]
Event: 8.446 Thread 0x00007f9fc4050000 3781       2       javafx.scene.control.skin.VirtualFlow::releaseCell (24 bytes)
Event: 8.447 Thread 0x00007f9fc4050000 nmethod 3781 0x0000000121486590 code [0x0000000121486760, 0x0000000121486960]
Event: 8.447 Thread 0x00007f9fc4050000 3784       2       javafx.scene.control.skin.VirtualFlow$ArrayLinkedList::isEmpty (14 bytes)
Event: 8.447 Thread 0x00007f9fc4050000 nmethod 3784 0x0000000121486b10 code [0x0000000121486cc0, 0x0000000121486dd0]
Event: 8.447 Thread 0x00007f9fc4050000 3782       2       javafx.scene.control.skin.VirtualFlow::getCellBreadth (25 bytes)
Event: 8.448 Thread 0x00007f9fc4050000 nmethod 3782 0x0000000121486e90 code [0x00000001214870a0, 0x0000000121487280]
Event: 8.448 Thread 0x00007f9fc4050000 3783       2       javafx.scene.control.skin.VirtualFlow::getCell (206 bytes)
Event: 8.452 Thread 0x00007f9fc4050000 nmethod 3783 0x0000000121487410 code [0x0000000121487700, 0x00000001214885a0]
Event: 8.452 Thread 0x00007f9fc4050000 3786       2       javafx.scene.control.Labeled$StyleableProperties$4::getStyleableProperty (9 bytes)
Event: 8.453 Thread 0x00007f9fc4050000 nmethod 3786 0x0000000121488e10 code [0x0000000121488fe0, 0x0000000121489380]
Event: 8.453 Thread 0x00007f9fc4050000 3788   !   3       javafx.scene.CssStyleHelper::transitionToState (1019 bytes)
Event: 8.470 Thread 0x00007f9fc482a000 nmethod 3690 0x000000012846eb10 code [0x000000012846ed60, 0x000000012846fc30]
Event: 8.471 Thread 0x00007f9fc482a000 3753       4       com.sun.javafx.css.BitSet::addAll (338 bytes)

GC Heap History (8 events):
Event: 0.999 GC heap before
{Heap before GC invocations=0 (full 0):
 garbage-first heap   total 131072K, used 13312K [0x0000000780000000, 0x0000000800000000)
  region size 1024K, 14 young (14336K), 0 survivors (0K)
 Metaspace       used 10494K, capacity 10652K, committed 10752K, reserved 1058816K
  class space    used 919K, capacity 973K, committed 1024K, reserved 1048576K
}
Event: 1.004 GC heap after
{Heap after GC invocations=1 (full 0):
 garbage-first heap   total 131072K, used 2474K [0x0000000780000000, 0x0000000800000000)
  region size 1024K, 2 young (2048K), 2 survivors (2048K)
 Metaspace       used 10494K, capacity 10652K, committed 10752K, reserved 1058816K
  class space    used 919K, capacity 973K, committed 1024K, reserved 1048576K
}
Event: 3.220 GC heap before
{Heap before GC invocations=1 (full 0):
 garbage-first heap   total 131072K, used 61866K [0x0000000780000000, 0x0000000800000000)
  region size 1024K, 62 young (63488K), 2 survivors (2048K)
 Metaspace       used 20467K, capacity 20996K, committed 21248K, reserved 1069056K
  class space    used 2231K, capacity 2463K, committed 2560K, reserved 1048576K
}
Event: 3.238 GC heap after
{Heap after GC invocations=2 (full 0):
 garbage-first heap   total 131072K, used 6723K [0x0000000780000000, 0x0000000800000000)
  region size 1024K, 7 young (7168K), 7 survivors (7168K)
 Metaspace       used 20467K, capacity 20996K, committed 21248K, reserved 1069056K
  class space    used 2231K, capacity 2463K, committed 2560K, reserved 1048576K
}
Event: 4.002 GC heap before
{Heap before GC invocations=3 (full 0):
 garbage-first heap   total 131072K, used 33347K [0x0000000780000000, 0x0000000800000000)
  region size 1024K, 33 young (33792K), 7 survivors (7168K)
 Metaspace       used 23745K, capacity 24243K, committed 24576K, reserved 1071104K
  class space    used 2547K, capacity 2761K, committed 2816K, reserved 1048576K
}
Event: 4.051 GC heap after
{Heap after GC invocations=4 (full 0):
 garbage-first heap   total 131072K, used 14582K [0x0000000780000000, 0x0000000800000000)
  region size 1024K, 5 young (5120K), 5 survivors (5120K)
 Metaspace       used 23745K, capacity 24243K, committed 24576K, reserved 1071104K
  class space    used 2547K, capacity 2761K, committed 2816K, reserved 1048576K
}
Event: 6.035 GC heap before
{Heap before GC invocations=4 (full 0):
 garbage-first heap   total 131072K, used 79094K [0x0000000780000000, 0x0000000800000000)
  region size 1024K, 66 young (67584K), 5 survivors (5120K)
 Metaspace       used 31334K, capacity 32535K, committed 32768K, reserved 1077248K
  class space    used 3838K, capacity 4329K, committed 4352K, reserved 1048576K
}
Event: 6.052 GC heap after
{Heap after GC invocations=5 (full 0):
 garbage-first heap   total 131072K, used 20901K [0x0000000780000000, 0x0000000800000000)
  region size 1024K, 6 young (6144K), 6 survivors (6144K)
 Metaspace       used 31334K, capacity 32535K, committed 32768K, reserved 1077248K
  class space    used 3838K, capacity 4329K, committed 4352K, reserved 1048576K
}

Deoptimization events (20 events):
Event: 8.424 Thread 0x00007f9fc5918800 Uncommon trap: trap_request=0xffffffbe fr.pc=0x000000012846d26c relative=0x00000000000005ac
Event: 8.424 Thread 0x00007f9fc5918800 Uncommon trap: reason=profile_predicate action=maybe_recompile pc=0x000000012846d26c method=com.sun.javafx.css.BitSet.addAll(Ljava/util/Collection;)Z @ 86 c2
Event: 8.424 Thread 0x00007f9fc5918800 DEOPT PACKING pc=0x000000012846d26c sp=0x00007ff7b1c67d90
Event: 8.424 Thread 0x00007f9fc5918800 DEOPT UNPACKING pc=0x00000001207f8ea5 sp=0x00007ff7b1c67d00 mode 2
Event: 8.424 Thread 0x00007f9fc5918800 Uncommon trap: trap_request=0xffffffbe fr.pc=0x000000012846d26c relative=0x00000000000005ac
Event: 8.424 Thread 0x00007f9fc5918800 Uncommon trap: reason=profile_predicate action=maybe_recompile pc=0x000000012846d26c method=com.sun.javafx.css.BitSet.addAll(Ljava/util/Collection;)Z @ 86 c2
Event: 8.424 Thread 0x00007f9fc5918800 DEOPT PACKING pc=0x000000012846d26c sp=0x00007ff7b1c67d90
Event: 8.424 Thread 0x00007f9fc5918800 DEOPT UNPACKING pc=0x00000001207f8ea5 sp=0x00007ff7b1c67d00 mode 2
Event: 8.425 Thread 0x00007f9fc5918800 Uncommon trap: trap_request=0xffffffbe fr.pc=0x000000012846d26c relative=0x00000000000005ac
Event: 8.425 Thread 0x00007f9fc5918800 Uncommon trap: reason=profile_predicate action=maybe_recompile pc=0x000000012846d26c method=com.sun.javafx.css.BitSet.addAll(Ljava/util/Collection;)Z @ 86 c2
Event: 8.425 Thread 0x00007f9fc5918800 DEOPT PACKING pc=0x000000012846d26c sp=0x00007ff7b1c67bb0
Event: 8.425 Thread 0x00007f9fc5918800 DEOPT UNPACKING pc=0x00000001207f8ea5 sp=0x00007ff7b1c67b20 mode 2
Event: 8.452 Thread 0x00007f9fc5918800 DEOPT PACKING pc=0x00000001213043bf sp=0x00007ff7b1c68c80
Event: 8.452 Thread 0x00007f9fc5918800 DEOPT UNPACKING pc=0x00000001207f964a sp=0x00007ff7b1c68308 mode 0
Event: 8.462 Thread 0x00007f9fc49bd800 DEOPT PACKING pc=0x00000001213d3799 sp=0x00007000024d7990
Event: 8.463 Thread 0x00007f9fc49bd800 DEOPT UNPACKING pc=0x00000001207f964a sp=0x00007000024d6e78 mode 0
Event: 8.467 Thread 0x00007f9fc49bd800 Uncommon trap: trap_request=0xffffff4d fr.pc=0x00000001284513ac relative=0x000000000000008c
Event: 8.467 Thread 0x00007f9fc49bd800 Uncommon trap: reason=unstable_if action=reinterpret pc=0x00000001284513ac method=com.sun.javafx.geom.RectBounds.isEmpty()Z @ 21 c2
Event: 8.467 Thread 0x00007f9fc49bd800 DEOPT PACKING pc=0x00000001284513ac sp=0x00007000024d6810
Event: 8.467 Thread 0x00007f9fc49bd800 DEOPT UNPACKING pc=0x00000001207f8ea5 sp=0x00007000024d67d0 mode 2

Classes redefined (0 events):
No events

Internal exceptions (20 events):
Event: 3.329 Thread 0x00007f9fc5918800 Exception <a 'java/lang/NoSuchMethodError'{0x0000000787dd3800}: 'int java.lang.invoke.DirectMethodHandle$Holder.invokeSpecialIFC(java.lang.Object, java.lang.Object, int)'> (0x0000000787dd3800) thrown at [./src/hotspot/share/interpreter/linkResolver.cpp, line 773]
Event: 3.479 Thread 0x00007f9fc5918800 Exception <a 'java/lang/NoClassDefFoundError'{0x00000007879bcff8}: com/sun/jna/Platform> (0x00000007879bcff8) thrown at [./src/hotspot/share/classfile/systemDictionary.cpp, line 219]
Event: 3.564 Thread 0x00007f9fc5918800 Exception <a 'java/lang/NoSuchMethodError'{0x000000078752d5b8}: 'java.lang.Object java.lang.invoke.DirectMethodHandle$Holder.invokeStaticInit(java.lang.Object, java.lang.Object, long, java.lang.Object)'> (0x000000078752d5b8) thrown at [./src/hotspot/share/interpreter/linkResolver.cpp, line 773]
Event: 3.565 Thread 0x00007f9fc5918800 Exception <a 'java/lang/NoSuchMethodError'{0x0000000787539510}: 'java.lang.Object java.lang.invoke.Invokers$Holder.linkToTargetMethod(java.lang.Object, long, java.lang.Object)'> (0x0000000787539510) thrown at [./src/hotspot/share/interpreter/linkResolver.cpp, line 773]
Event: 3.581 Thread 0x00007f9fc5918800 Exception <a 'java/lang/NoClassDefFoundError'{0x000000078757b200}: com/sun/jna/Platform> (0x000000078757b200) thrown at [./src/hotspot/share/classfile/systemDictionary.cpp, line 219]
Event: 3.640 Thread 0x00007f9fc5918800 Implicit null exception at 0x0000000128318b7e to 0x0000000128319dd4
Event: 3.641 Thread 0x00007f9fc5918800 Implicit null exception at 0x000000012828f62f to 0x000000012828f6ad
Event: 4.146 Thread 0x00007f9fc5918800 Implicit null exception at 0x0000000128310816 to 0x0000000128310dd4
Event: 4.422 Thread 0x00007f9fc5918800 Exception <a 'java/io/FileNotFoundException'{0x00000007870f4e40}> (0x00000007870f4e40) thrown at [./src/hotspot/share/prims/jni.cpp, line 616]
Event: 4.725 Thread 0x00007f9fc5918800 Exception <a 'java/lang/NoSuchMethodError'{0x0000000786cf7458}: 'java.lang.Object java.lang.invoke.Invokers$Holder.linkToTargetMethod(java.lang.Object, int, java.lang.Object)'> (0x0000000786cf7458) thrown at [./src/hotspot/share/interpreter/linkResolver.cpp, line 773]
Event: 4.756 Thread 0x00007f9fc5918800 Exception <a 'java/lang/NoSuchMethodError'{0x0000000786a695b8}: 'java.lang.Object java.lang.invoke.DirectMethodHandle$Holder.invokeInterface(java.lang.Object, java.lang.Object, java.lang.Object)'> (0x0000000786a695b8) thrown at [./src/hotspot/share/interpreter/linkResolver.cpp, line 773]
Event: 4.756 Thread 0x00007f9fc5918800 Exception <a 'java/lang/IncompatibleClassChangeError'{0x0000000786a6c770}: Found class java.lang.Object, but interface was expected> (0x0000000786a6c770) thrown at [./src/hotspot/share/interpreter/linkResolver.cpp, line 839]
Event: 4.904 Thread 0x00007f9fc5918800 Exception <a 'java/lang/NoSuchMethodError'{0x00000007860ec988}: 'void java.lang.invoke.DirectMethodHandle$Holder.invokeSpecialIFC(java.lang.Object, java.lang.Object, java.lang.Object, java.lang.Object)'> (0x00000007860ec988) thrown at [./src/hotspot/share/interpreter/linkResolver.cpp, line 773]
Event: 5.439 Thread 0x00007f9fc5918800 Exception <a 'java/lang/NoSuchMethodError'{0x0000000784af9530}: 'java.lang.Object java.lang.invoke.Invokers$Holder.linkToTargetMethod(java.lang.Object, int, int, java.lang.Object)'> (0x0000000784af9530) thrown at [./src/hotspot/share/interpreter/linkResolver.cpp, line 773]
Event: 5.605 Thread 0x00007f9fc49bd800 Exception <a 'java/lang/NoSuchMethodError'{0x000000078460a548}: 'int java.lang.invoke.DirectMethodHandle$Holder.invokeStaticInit(java.lang.Object, java.lang.Object)'> (0x000000078460a548) thrown at [./src/hotspot/share/interpreter/linkResolver.cpp, line 773]
Event: 5.913 Thread 0x00007f9fc5918800 Exception <a 'java/lang/NoSuchMethodError'{0x0000000783eaa400}: 'java.lang.Object java.lang.invoke.DirectMethodHandle$Holder.invokeStatic(java.lang.Object, java.lang.Object, long, int, int, int)'> (0x0000000783eaa400) thrown at [./src/hotspot/share/interpreter/linkResolver.cpp, line 773]
Event: 5.915 Thread 0x00007f9fc5918800 Exception <a 'java/lang/NoSuchMethodError'{0x0000000783ebe068}: 'java.lang.Object java.lang.invoke.DirectMethodHandle$Holder.invokeStatic(java.lang.Object, java.lang.Object, int, java.lang.Object, long, int, int, int, int)'> (0x0000000783ebe068) thrown at [./src/hotspot/share/interpreter/linkResolver.cpp, line 773]
Event: 6.534 Thread 0x00007f9fc5918800 Exception <a 'java/lang/NoSuchMethodError'{0x0000000787ea0b20}: 'long java.lang.invoke.DirectMethodHandle$Holder.invokeStaticInit(java.lang.Object, java.lang.Object, java.lang.Object)'> (0x0000000787ea0b20) thrown at [./src/hotspot/share/interpreter/linkResolver.cpp, line 773]
Event: 6.537 Thread 0x00007f9fc5918800 Exception <a 'java/lang/NoSuchMethodError'{0x0000000787eb35c0}: 'java.lang.Object java.lang.invoke.DirectMethodHandle$Holder.invokeSpecial(java.lang.Object, java.lang.Object, long)'> (0x0000000787eb35c0) thrown at [./src/hotspot/share/interpreter/linkResolver.cpp, line 773]
Event: 6.781 Thread 0x00007f9fc49bd800 Exception <a 'java/lang/NoSuchMethodError'{0x0000000787fcfdc8}: 'java.lang.Object java.lang.invoke.DirectMethodHandle$Holder.invokeStaticInit(java.lang.Object, int)'> (0x0000000787fcfdc8) thrown at [./src/hotspot/share/interpreter/linkResolver.cpp, line 773]

Events (20 events):
Event: 7.835 Thread 0x00007f9fc4e21000 Thread added: 0x00007f9fc4e21000
Event: 7.835 Protecting memory [0x0000700001ecb000,0x0000700001ecf000] with protection modes 0
Event: 7.862 loading class com/sun/javafx/tk/quantum/GlassScene
Event: 7.862 loading class com/sun/javafx/tk/quantum/GlassScene done
Event: 7.862 loading class com/sun/javafx/tk/quantum/WindowStage
Event: 7.862 loading class com/sun/javafx/tk/quantum/WindowStage done
Event: 7.864 loading class com/sun/prism/GraphicsResource
Event: 7.864 loading class com/sun/prism/GraphicsResource done
Event: 7.864 loading class com/sun/prism/GraphicsResource
Event: 7.864 loading class com/sun/prism/GraphicsResource done
Event: 7.864 loading class com/sun/javafx/tk/quantum/ViewScene
Event: 7.864 loading class com/sun/javafx/tk/quantum/ViewScene done
Event: 7.866 loading class com/sun/javafx/tk/quantum/WindowStage
Event: 7.866 loading class com/sun/javafx/tk/quantum/WindowStage done
Event: 8.034 Protecting memory [0x0000700001ecb000,0x0000700001ecf000] with protection modes 3
Event: 8.034 Thread 0x00007f9fc4e21000 Thread exited: 0x00007f9fc4e21000
Event: 8.383 Thread 0x00007f9fcda25800 Thread added: 0x00007f9fcda25800
Event: 8.383 Protecting memory [0x0000700001ecb000,0x0000700001ecf000] with protection modes 0
Event: 8.470 Executing VM operation: RevokeBias
Event: 8.470 Executing VM operation: RevokeBias done


Dynamic libraries:
0x000000010e3b0000 	/Library/Java/JavaVirtualMachines/temurin-11.jdk/Contents/Home/lib/jli/libjli.dylib
0x00007ff82c55c000 	/System/Library/Frameworks/Cocoa.framework/Versions/A/Cocoa
0x00007ff8181c5000 	/System/Library/Frameworks/AppKit.framework/Versions/C/AppKit
0x00007ff81b6d8000 	/System/Library/Frameworks/CoreData.framework/Versions/A/CoreData
0x00007ff8165c9000 	/System/Library/Frameworks/Foundation.framework/Versions/C/Foundation
0x00007ff8204f1000 	/usr/lib/libSystem.B.dylib
0x00007ff819054000 	/System/Library/PrivateFrameworks/UIFoundation.framework/Versions/A/UIFoundation
0x00007ff826460000 	/System/Library/PrivateFrameworks/RemoteViewServices.framework/Versions/A/RemoteViewServices
0x00007ff81e746000 	/System/Library/PrivateFrameworks/XCTTargetBootstrap.framework/Versions/A/XCTTargetBootstrap
0x00007ff8222f8000 	/System/Library/PrivateFrameworks/InternationalSupport.framework/Versions/A/InternationalSupport
0x00007ff822382000 	/System/Library/PrivateFrameworks/UserActivity.framework/Versions/A/UserActivity
0x00007ff8216d8000 	/usr/lib/libspindump.dylib
0x00007ff8192e2000 	/System/Library/Frameworks/UniformTypeIdentifiers.framework/Versions/A/UniformTypeIdentifiers
0x00007ff81ce6e000 	/usr/lib/libapp_launch_measurement.dylib
0x00007ff81c0a9000 	/System/Library/PrivateFrameworks/CoreAnalytics.framework/Versions/A/CoreAnalytics
0x00007ff81ce71000 	/System/Library/PrivateFrameworks/CoreAutoLayout.framework/Versions/A/CoreAutoLayout
0x00007ff81e0a0000 	/System/Library/Frameworks/Metal.framework/Versions/A/Metal
0x00007ff81edcb000 	/usr/lib/liblangid.dylib
0x00007ff81e74b000 	/System/Library/PrivateFrameworks/CoreSVG.framework/Versions/A/CoreSVG
0x00007ff81a6cd000 	/System/Library/PrivateFrameworks/SkyLight.framework/Versions/A/SkyLight
0x00007ff81aa6b000 	/System/Library/Frameworks/CoreGraphics.framework/Versions/A/CoreGraphics
0x00007ff826b20000 	/System/Library/Frameworks/Accelerate.framework/Versions/A/Accelerate
0x00007ff821157000 	/System/Library/PrivateFrameworks/IconServices.framework/Versions/A/IconServices
0x00007ff81e085000 	/System/Library/Frameworks/IOSurface.framework/Versions/A/IOSurface
0x00007ff81c0d7000 	/usr/lib/libDiagnosticMessagesClient.dylib
0x00007ff820411000 	/usr/lib/libz.1.dylib
0x00007ff82a200000 	/System/Library/Frameworks/ApplicationServices.framework/Versions/A/ApplicationServices
0x00007ff81e732000 	/System/Library/PrivateFrameworks/DFRFoundation.framework/Versions/A/DFRFoundation
0x00007ff817aad000 	/usr/lib/libicucore.A.dylib
0x00007ff8230ed000 	/System/Library/Frameworks/AudioToolbox.framework/Versions/A/AudioToolbox
0x00007ff822304000 	/System/Library/PrivateFrameworks/DataDetectorsCore.framework/Versions/A/DataDetectorsCore
0x00007ff91e7eb000 	/System/Library/PrivateFrameworks/TextInput.framework/Versions/A/TextInput
0x00007ff81a650000 	/usr/lib/libMobileGestalt.dylib
0x00007ff81e43e000 	/System/Library/Frameworks/Carbon.framework/Versions/A/Frameworks/HIToolbox.framework/Versions/A/HIToolbox
0x00007ff81c874000 	/System/Library/Frameworks/QuartzCore.framework/Versions/A/QuartzCore
0x00007ff817752000 	/System/Library/Frameworks/Security.framework/Versions/A/Security
0x00007ff826498000 	/System/Library/Frameworks/Carbon.framework/Versions/A/Frameworks/SpeechRecognition.framework/Versions/A/SpeechRecognition
0x00007ff81cbce000 	/System/Library/PrivateFrameworks/CoreUI.framework/Versions/A/CoreUI
0x00007ff81701d000 	/System/Library/Frameworks/CoreAudio.framework/Versions/A/CoreAudio
0x00007ff81c1c6000 	/System/Library/Frameworks/DiskArbitration.framework/Versions/A/DiskArbitration
0x00007ff821ac6000 	/System/Library/PrivateFrameworks/MultitouchSupport.framework/Versions/A/MultitouchSupport
0x00007ff81a64f000 	/usr/lib/libenergytrace.dylib
0x00007ff8180b1000 	/System/Library/Frameworks/IOKit.framework/Versions/A/IOKit
0x00007ff826888000 	/System/Library/Frameworks/CoreServices.framework/Versions/A/CoreServices
0x00007ff81ce08000 	/System/Library/PrivateFrameworks/PerformanceAnalysis.framework/Versions/A/PerformanceAnalysis
0x00007ffa2e4d0000 	/System/Library/Frameworks/OpenGL.framework/Versions/A/OpenGL
0x00007ff81fa2d000 	/System/Library/PrivateFrameworks/MobileKeyBag.framework/Versions/A/MobileKeyBag
0x00007ff81558d000 	/usr/lib/libobjc.A.dylib
0x00007ff81b137000 	/System/Library/Frameworks/ColorSync.framework/Versions/A/ColorSync
0x00007ff815747000 	/System/Library/Frameworks/CoreFoundation.framework/Versions/A/CoreFoundation
0x00007ff81e9c1000 	/System/Library/Frameworks/CoreImage.framework/Versions/A/CoreImage
0x00007ff816e31000 	/System/Library/Frameworks/CoreText.framework/Versions/A/CoreText
0x00007ff81e77b000 	/System/Library/Frameworks/ImageIO.framework/Versions/A/ImageIO
0x00007ff8204f7000 	/System/Library/PrivateFrameworks/SoftLinking.framework/Versions/A/SoftLinking
0x00007ff81ceb9000 	/usr/lib/libxml2.2.dylib
0x00007ff815653000 	/usr/lib/libc++.1.dylib
0x00007ff82077b000 	/usr/lib/libcompression.dylib
0x00007ff82222b000 	/System/Library/PrivateFrameworks/TextureIO.framework/Versions/A/TextureIO
0x00007ff820e69000 	/usr/lib/libate.dylib
0x00007ff8204ec000 	/usr/lib/system/libcache.dylib
0x00007ff8204a8000 	/usr/lib/system/libcommonCrypto.dylib
0x00007ff8204d1000 	/usr/lib/system/libcompiler_rt.dylib
0x00007ff8204c7000 	/usr/lib/system/libcopyfile.dylib
0x00007ff815488000 	/usr/lib/system/libcorecrypto.dylib
0x00007ff815546000 	/usr/lib/system/libdispatch.dylib
0x00007ff815706000 	/usr/lib/system/libdyld.dylib
0x00007ff8204e3000 	/usr/lib/system/libkeymgr.dylib
0x00007ff820486000 	/usr/lib/system/libmacho.dylib
0x00007ff81fb07000 	/usr/lib/system/libquarantine.dylib
0x00007ff8204e1000 	/usr/lib/system/libremovefile.dylib
0x00007ff81a69d000 	/usr/lib/system/libsystem_asl.dylib
0x00007ff815431000 	/usr/lib/system/libsystem_blocks.dylib
0x00007ff8155ca000 	/usr/lib/system/libsystem_c.dylib
0x00007ff8204d9000 	/usr/lib/system/libsystem_collections.dylib
0x00007ff81edbb000 	/usr/lib/system/libsystem_configuration.dylib
0x00007ff81e068000 	/usr/lib/system/libsystem_containermanager.dylib
0x00007ff8201be000 	/usr/lib/system/libsystem_coreservices.dylib
0x00007ff817d41000 	/usr/lib/system/libsystem_darwin.dylib
0x00007ff8204e4000 	/usr/lib/system/libsystem_dnssd.dylib
0x00007ff8155c7000 	/usr/lib/system/libsystem_featureflags.dylib
0x00007ff81571c000 	/usr/lib/system/libsystem_info.dylib
0x00007ff820424000 	/usr/lib/system/libsystem_m.dylib
0x00007ff81551a000 	/usr/lib/system/libsystem_malloc.dylib
0x00007ff81a638000 	/usr/lib/system/libsystem_networkextension.dylib
0x00007ff818167000 	/usr/lib/system/libsystem_notify.dylib
0x00007ff82675d000 	/usr/lib/system/libsystem_product_info_filter.dylib
0x00007ff81edbf000 	/usr/lib/system/libsystem_sandbox.dylib
0x00007ff8204de000 	/usr/lib/system/libsystem_secinit.dylib
0x00007ff8156c2000 	/usr/lib/system/libsystem_kernel.dylib
0x00007ff815712000 	/usr/lib/system/libsystem_platform.dylib
0x00007ff8156fa000 	/usr/lib/system/libsystem_pthread.dylib
0x00007ff81bee9000 	/usr/lib/system/libsystem_symptoms.dylib
0x00007ff81546f000 	/usr/lib/system/libsystem_trace.dylib
0x00007ff8204b4000 	/usr/lib/system/libunwind.dylib
0x00007ff815433000 	/usr/lib/system/libxpc.dylib
0x00007ff8156ac000 	/usr/lib/libc++abi.dylib
0x00007ff8204bf000 	/usr/lib/liboah.dylib
0x00007ff820c45000 	/usr/lib/liblzma.5.dylib
0x00007ff8162d8000 	/System/Library/Frameworks/SystemConfiguration.framework/Versions/A/SystemConfiguration
0x00007ff8204f3000 	/usr/lib/libfakelink.dylib
0x00007ff81a1a9000 	/System/Library/Frameworks/CFNetwork.framework/Versions/A/CFNetwork
0x00007ff820634000 	/usr/lib/libarchive.2.dylib
0x00007ff81edc7000 	/System/Library/PrivateFrameworks/AppleSystemInfo.framework/Versions/A/AppleSystemInfo
0x00007ff81fb2e000 	/usr/lib/libbsm.0.dylib
0x00007ff8197b8000 	/usr/lib/libnetwork.dylib
0x00007ff82048c000 	/usr/lib/system/libkxld.dylib
0x00007ff81f761000 	/System/Library/PrivateFrameworks/IOMobileFramebuffer.framework/Versions/A/IOMobileFramebuffer
0x00007ffb2d8a4000 	/usr/lib/libCoreEntitlements.dylib
0x00007ff8201a0000 	/System/Library/PrivateFrameworks/AppleFSCompression.framework/Versions/A/AppleFSCompression
0x00007ff81fb16000 	/usr/lib/libcoretls.dylib
0x00007ff820c5f000 	/usr/lib/libcoretls_cfhelpers.dylib
0x00007ff820776000 	/usr/lib/libpam.2.dylib
0x00007ff81bb09000 	/usr/lib/libsqlite3.dylib
0x00007ff820cce000 	/usr/lib/libxar.1.dylib
0x00007ff8201b0000 	/usr/lib/libbz2.1.0.dylib
0x00007ff8204f8000 	/usr/lib/libpcap.A.dylib
0x00007ff81bee1000 	/usr/lib/libdns_services.dylib
0x00007ff820746000 	/usr/lib/libapple_nghttp2.dylib
0x00007ff820532000 	/usr/lib/libiconv.2.dylib
0x00007ff820485000 	/usr/lib/libcharset.1.dylib
0x00007ff81ce3c000 	/System/Library/Frameworks/CoreServices.framework/Versions/A/Frameworks/FSEvents.framework/Versions/A/FSEvents
0x00007ff817d4b000 	/System/Library/Frameworks/CoreServices.framework/Versions/A/Frameworks/CarbonCore.framework/Versions/A/CarbonCore
0x00007ff81c12a000 	/System/Library/Frameworks/CoreServices.framework/Versions/A/Frameworks/Metadata.framework/Versions/A/Metadata
0x00007ff8201c3000 	/System/Library/Frameworks/CoreServices.framework/Versions/A/Frameworks/OSServices.framework/Versions/A/OSServices
0x00007ff8206bb000 	/System/Library/Frameworks/CoreServices.framework/Versions/A/Frameworks/SearchKit.framework/Versions/A/SearchKit
0x00007ff81be74000 	/System/Library/Frameworks/CoreServices.framework/Versions/A/Frameworks/AE.framework/Versions/A/AE
0x00007ff815c4a000 	/System/Library/Frameworks/CoreServices.framework/Versions/A/Frameworks/LaunchServices.framework/Versions/A/LaunchServices
0x00007ff820bf6000 	/System/Library/Frameworks/CoreServices.framework/Versions/A/Frameworks/DictionaryServices.framework/Versions/A/DictionaryServices
0x00007ff81ce49000 	/System/Library/Frameworks/CoreServices.framework/Versions/A/Frameworks/SharedFileList.framework/Versions/A/SharedFileList
0x00007ff81fb0a000 	/usr/lib/libCheckFix.dylib
0x00007ff81a6b4000 	/System/Library/PrivateFrameworks/TCC.framework/Versions/A/TCC
0x00007ff81edcd000 	/System/Library/PrivateFrameworks/CoreNLP.framework/Versions/A/CoreNLP
0x00007ff81c0da000 	/System/Library/PrivateFrameworks/MetadataUtilities.framework/Versions/A/MetadataUtilities
0x00007ff81638c000 	/usr/lib/libmecabra.dylib
0x00007ff81fb3e000 	/usr/lib/libmecab.dylib
0x00007ff816357000 	/usr/lib/libCRFSuite.dylib
0x00007ff81fb98000 	/usr/lib/libgermantok.dylib
0x00007ff820721000 	/usr/lib/libThaiTokenizer.dylib
0x00007ff81c1cd000 	/System/Library/Frameworks/Accelerate.framework/Versions/A/Frameworks/vImage.framework/Versions/A/vImage
0x00007ff82685f000 	/System/Library/Frameworks/Accelerate.framework/Versions/A/Frameworks/vecLib.framework/Versions/A/vecLib
0x00007ff820d0f000 	/System/Library/Frameworks/Accelerate.framework/Versions/A/Frameworks/vecLib.framework/Versions/A/libvMisc.dylib
0x00007ff81f58c000 	/System/Library/Frameworks/Accelerate.framework/Versions/A/Frameworks/vecLib.framework/Versions/A/libvDSP.dylib
0x00007ff815fc8000 	/System/Library/Frameworks/Accelerate.framework/Versions/A/Frameworks/vecLib.framework/Versions/A/libBLAS.dylib
0x00007ff820858000 	/System/Library/Frameworks/Accelerate.framework/Versions/A/Frameworks/vecLib.framework/Versions/A/libLAPACK.dylib
0x00007ff81fb9b000 	/System/Library/Frameworks/Accelerate.framework/Versions/A/Frameworks/vecLib.framework/Versions/A/libLinearAlgebra.dylib
0x00007ff82075e000 	/System/Library/Frameworks/Accelerate.framework/Versions/A/Frameworks/vecLib.framework/Versions/A/libSparseBLAS.dylib
0x00007ff820852000 	/System/Library/Frameworks/Accelerate.framework/Versions/A/Frameworks/vecLib.framework/Versions/A/libQuadrature.dylib
0x00007ff81eeb8000 	/System/Library/Frameworks/Accelerate.framework/Versions/A/Frameworks/vecLib.framework/Versions/A/libBNNS.dylib
0x00007ff816262000 	/System/Library/Frameworks/Accelerate.framework/Versions/A/Frameworks/vecLib.framework/Versions/A/libSparse.dylib
0x00007ff81eeb1000 	/System/Library/PrivateFrameworks/LinguisticData.framework/Versions/A/LinguisticData
0x00007ff816218000 	/System/Library/PrivateFrameworks/Lexicon.framework/Versions/A/Lexicon
0x00007ff820d08000 	/usr/lib/libChineseTokenizer.dylib
0x00007ff816986000 	/System/Library/PrivateFrameworks/LanguageModeling.framework/Versions/A/LanguageModeling
0x00007ff820723000 	/System/Library/PrivateFrameworks/AppleSauce.framework/Versions/A/AppleSauce
0x00007ff81f74f000 	/System/Library/PrivateFrameworks/CoreEmoji.framework/Versions/A/CoreEmoji
0x00007ff820623000 	/usr/lib/libcmph.dylib
0x00007ff81ce20000 	/System/Library/Frameworks/OpenDirectory.framework/Versions/A/Frameworks/CFOpenDirectory.framework/Versions/A/CFOpenDirectory
0x00007ff81ce14000 	/System/Library/Frameworks/OpenDirectory.framework/Versions/A/OpenDirectory
0x00007ff820c61000 	/System/Library/PrivateFrameworks/APFS.framework/Versions/A/APFS
0x00007ff81fa65000 	/System/Library/Frameworks/SecurityFoundation.framework/Versions/A/SecurityFoundation
0x00007ff820cdc000 	/usr/lib/libutil.dylib
0x00007ff818075000 	/System/Library/PrivateFrameworks/CoreServicesStore.framework/Versions/A/CoreServicesStore
0x00007ff820ce0000 	/usr/lib/libxslt.1.dylib
0x00007ff81faf2000 	/System/Library/PrivateFrameworks/BackgroundTaskManagement.framework/Versions/A/BackgroundTaskManagement
0x00007ff82214b000 	/System/Library/Frameworks/ImageIO.framework/Versions/A/Resources/libRadiance.dylib
0x00007ff822154000 	/System/Library/Frameworks/ImageIO.framework/Versions/A/Resources/libJPEG.dylib
0x00007ff8220a5000 	/System/Library/Frameworks/ImageIO.framework/Versions/A/Resources/libPng.dylib
0x00007ff8220c6000 	/System/Library/Frameworks/ImageIO.framework/Versions/A/Resources/libTIFF.dylib
0x00007ff8221b4000 	/System/Library/Frameworks/ImageIO.framework/Versions/A/Resources/libGIF.dylib
0x00007ff8219e0000 	/System/Library/Frameworks/ImageIO.framework/Versions/A/Resources/libJP2.dylib
0x00007ff82111e000 	/usr/lib/libexpat.1.dylib
0x00007ff821995000 	/System/Library/PrivateFrameworks/AppleJPEG.framework/Versions/A/AppleJPEG
0x00007ff81e302000 	/System/Library/PrivateFrameworks/FontServices.framework/libFontParser.dylib
0x00007ff81be1e000 	/System/Library/PrivateFrameworks/RunningBoardServices.framework/Versions/A/RunningBoardServices
0x00007ff82cb17000 	/System/Library/PrivateFrameworks/IOSurfaceAccelerator.framework/Versions/A/IOSurfaceAccelerator
0x00007ff821ac2000 	/System/Library/PrivateFrameworks/WatchdogClient.framework/Versions/A/WatchdogClient
0x00007ff816a74000 	/System/Library/Frameworks/CoreDisplay.framework/Versions/A/CoreDisplay
0x00007ff81e200000 	/System/Library/Frameworks/CoreMedia.framework/Versions/A/CoreMedia
0x00007ff81e097000 	/System/Library/PrivateFrameworks/IOAccelerator.framework/Versions/A/IOAccelerator
0x00007ff81cf9d000 	/System/Library/Frameworks/CoreVideo.framework/Versions/A/CoreVideo
0x00007ff820774000 	/System/Library/Frameworks/MetalPerformanceShaders.framework/Versions/A/MetalPerformanceShaders
0x00007ff821aff000 	/System/Library/Frameworks/VideoToolbox.framework/Versions/A/VideoToolbox
0x00007ff81bd68000 	/System/Library/PrivateFrameworks/BaseBoard.framework/Versions/A/BaseBoard
0x00007ff81baef000 	/System/Library/PrivateFrameworks/ProtocolBuffer.framework/Versions/A/ProtocolBuffer
0x00007ff822144000 	/System/Library/PrivateFrameworks/GPUWrangler.framework/Versions/A/GPUWrangler
0x00007ff822128000 	/System/Library/PrivateFrameworks/IOPresentment.framework/Versions/A/IOPresentment
0x00007ff82214e000 	/System/Library/PrivateFrameworks/DSExternalDisplay.framework/Versions/A/DSExternalDisplay
0x00007ffa2e4c4000 	/System/Library/Frameworks/OpenGL.framework/Versions/A/Libraries/libCoreFSCache.dylib
0x00007ffb1afc8000 	/System/Library/PrivateFrameworks/GPUCompiler.framework/Versions/31001/Libraries/libGPUCompilerUtils.dylib
0x00007ff8221b9000 	/System/Library/PrivateFrameworks/CMCaptureCore.framework/Versions/A/CMCaptureCore
0x00007ff8216c6000 	/System/Library/PrivateFrameworks/AppServerSupport.framework/Versions/A/AppServerSupport
0x00007ff823985000 	/System/Library/PrivateFrameworks/perfdata.framework/Versions/A/perfdata
0x00007ff816ba0000 	/System/Library/PrivateFrameworks/AudioToolboxCore.framework/Versions/A/AudioToolboxCore
0x00007ff81e1de000 	/System/Library/PrivateFrameworks/caulk.framework/Versions/A/caulk
0x00007ff823297000 	/usr/lib/libAudioStatistics.dylib
0x00007ff91af8e000 	/System/Library/PrivateFrameworks/SystemPolicy.framework/Versions/A/SystemPolicy
0x00007ff8234f2000 	/usr/lib/libSMC.dylib
0x00007ff82c40f000 	/System/Library/Frameworks/CoreMIDI.framework/Versions/A/CoreMIDI
0x00007ff822074000 	/usr/lib/libAudioToolboxUtility.dylib
0x00007ff9171c3000 	/System/Library/PrivateFrameworks/OSAServicesClient.framework/Versions/A/OSAServicesClient
0x00007ff823992000 	/usr/lib/libperfcheck.dylib
0x00007ff91ba38000 	/usr/lib/libmis.dylib
0x00007ffa2e51f000 	/System/Library/Frameworks/OpenGL.framework/Versions/A/Libraries/libGLU.dylib
0x00007ffa2e4e3000 	/System/Library/Frameworks/OpenGL.framework/Versions/A/Libraries/libGFXShared.dylib
0x00007ffa2e6ec000 	/System/Library/Frameworks/OpenGL.framework/Versions/A/Libraries/libGL.dylib
0x00007ffa2e4ec000 	/System/Library/Frameworks/OpenGL.framework/Versions/A/Libraries/libGLImage.dylib
0x00007ffa2e4e0000 	/System/Library/Frameworks/OpenGL.framework/Versions/A/Libraries/libCVMSPluginSupport.dylib
0x00007ffa2e4cb000 	/System/Library/Frameworks/OpenGL.framework/Versions/A/Libraries/libCoreVMClient.dylib
0x00007ff81ed49000 	/System/Library/Frameworks/MetalPerformanceShaders.framework/Versions/A/Frameworks/MPSCore.framework/Versions/A/MPSCore
0x00007ff82010b000 	/System/Library/Frameworks/MetalPerformanceShaders.framework/Versions/A/Frameworks/MPSImage.framework/Versions/A/MPSImage
0x00007ff81fbb1000 	/System/Library/Frameworks/MetalPerformanceShaders.framework/Versions/A/Frameworks/MPSNeuralNetwork.framework/Versions/A/MPSNeuralNetwork
0x00007ff820025000 	/System/Library/Frameworks/MetalPerformanceShaders.framework/Versions/A/Frameworks/MPSMatrix.framework/Versions/A/MPSMatrix
0x00007ff81fde0000 	/System/Library/Frameworks/MetalPerformanceShaders.framework/Versions/A/Frameworks/MPSRayIntersector.framework/Versions/A/MPSRayIntersector
0x00007ff82005d000 	/System/Library/Frameworks/MetalPerformanceShaders.framework/Versions/A/Frameworks/MPSNDArray.framework/Versions/A/MPSNDArray
0x00007ffa336e6000 	/System/Library/Frameworks/MetalPerformanceShaders.framework/Versions/A/Frameworks/MPSFunctions.framework/Versions/A/MPSFunctions
0x00007ff815ea1000 	/System/Library/PrivateFrameworks/MetalTools.framework/Versions/A/MetalTools
0x00007ff81edc5000 	/System/Library/PrivateFrameworks/AggregateDictionary.framework/Versions/A/AggregateDictionary
0x00007ff820f00000 	/usr/lib/libIOReport.dylib
0x00007ffa2fafb000 	/System/Library/Frameworks/OpenCL.framework/Versions/A/OpenCL
0x00007ff821264000 	/System/Library/PrivateFrameworks/FaceCore.framework/Versions/A/FaceCore
0x00007ff821255000 	/System/Library/PrivateFrameworks/GraphVisualizer.framework/Versions/A/GraphVisualizer
0x00007ffb1aed3000 	/System/Library/PrivateFrameworks/FontServices.framework/Versions/A/FontServices
0x00007ff82167e000 	/System/Library/PrivateFrameworks/OTSVG.framework/Versions/A/OTSVG
0x00007ff81cb84000 	/System/Library/Frameworks/ApplicationServices.framework/Versions/A/Frameworks/ATS.framework/Versions/A/Resources/libFontRegistry.dylib
0x00007ff8216ce000 	/System/Library/PrivateFrameworks/FontServices.framework/libhvf.dylib
0x00007ffb1aed4000 	/System/Library/PrivateFrameworks/FontServices.framework/libXTFontStaticRegistryData.dylib
0x00007ff8210ce000 	/System/Library/PrivateFrameworks/AppleVA.framework/Versions/A/AppleVA
0x00007ff8232b7000 	/System/Library/Frameworks/ApplicationServices.framework/Versions/A/Frameworks/ATS.framework/Versions/A/ATS
0x00007ff81b235000 	/System/Library/Frameworks/ApplicationServices.framework/Versions/A/Frameworks/HIServices.framework/Versions/A/HIServices
0x00007ff8221c3000 	/System/Library/Frameworks/ApplicationServices.framework/Versions/A/Frameworks/PrintCore.framework/Versions/A/PrintCore
0x00007ff823645000 	/System/Library/Frameworks/ApplicationServices.framework/Versions/A/Frameworks/QD.framework/Versions/A/QD
0x00007ff82363d000 	/System/Library/Frameworks/ApplicationServices.framework/Versions/A/Frameworks/ColorSyncLegacy.framework/Versions/A/ColorSyncLegacy
0x00007ff8232a7000 	/System/Library/Frameworks/ApplicationServices.framework/Versions/A/Frameworks/SpeechSynthesis.framework/Versions/A/SpeechSynthesis
0x00007ff822184000 	/System/Library/Frameworks/ApplicationServices.framework/Versions/A/Frameworks/ATSUI.framework/Versions/A/ATSUI
0x00007ff8235d2000 	/usr/lib/libcups.2.dylib
0x00007ff8239a1000 	/System/Library/Frameworks/Kerberos.framework/Versions/A/Kerberos
0x00007ff8239b0000 	/System/Library/Frameworks/GSS.framework/Versions/A/GSS
0x00007ff823323000 	/usr/lib/libresolv.9.dylib
0x00007ff8216dd000 	/System/Library/PrivateFrameworks/Heimdal.framework/Versions/A/Heimdal
0x00007ff82a592000 	/System/Library/Frameworks/Kerberos.framework/Versions/A/Libraries/libHeimdalProxy.dylib
0x00007ff81bef1000 	/System/Library/Frameworks/Network.framework/Versions/A/Network
0x00007ff821138000 	/usr/lib/libheimdal-asn1.dylib
0x00007ff8239fb000 	/System/Library/PrivateFrameworks/CommonAuth.framework/Versions/A/CommonAuth
0x00007ff823229000 	/System/Library/PrivateFrameworks/AudioSession.framework/Versions/A/AudioSession
0x00007ff8211c8000 	/System/Library/PrivateFrameworks/MediaExperience.framework/Versions/A/MediaExperience
0x00007ff8230bc000 	/System/Library/PrivateFrameworks/AudioSession.framework/libSessionUtility.dylib
0x00007ff823651000 	/System/Library/PrivateFrameworks/AudioResourceArbitration.framework/Versions/A/AudioResourceArbitration
0x00007ff8276d2000 	/System/Library/PrivateFrameworks/PowerLog.framework/Versions/A/PowerLog
0x00007ff821141000 	/System/Library/PrivateFrameworks/IconFoundation.framework/Versions/A/IconFoundation
0x00007ff826488000 	/System/Library/PrivateFrameworks/SpeechRecognitionCore.framework/Versions/A/SpeechRecognitionCore
0x000000010f177000 	/Library/Java/JavaVirtualMachines/temurin-11.jdk/Contents/Home/lib/server/libjvm.dylib
0x000000010e3df000 	/Library/Java/JavaVirtualMachines/temurin-11.jdk/Contents/Home/lib/libverify.dylib
0x000000010e41c000 	/Library/Java/JavaVirtualMachines/temurin-11.jdk/Contents/Home/lib/libjava.dylib
0x000000010e3f0000 	/Library/Java/JavaVirtualMachines/temurin-11.jdk/Contents/Home/lib/libjimage.dylib
0x000000010e484000 	/Library/Java/JavaVirtualMachines/temurin-11.jdk/Contents/Home/lib/libjdwp.dylib
0x000000010e40c000 	/Library/Java/JavaVirtualMachines/temurin-11.jdk/Contents/Home/lib/libinstrument.dylib
0x000000010e448000 	/Library/Java/JavaVirtualMachines/temurin-11.jdk/Contents/Home/lib/libzip.dylib
0x000000010e46b000 	/Library/Java/JavaVirtualMachines/temurin-11.jdk/Contents/Home/lib/libdt_socket.dylib
0x000000010ef2f000 	/Library/Java/JavaVirtualMachines/temurin-11.jdk/Contents/Home/lib/libnio.dylib
0x000000010ef5b000 	/Library/Java/JavaVirtualMachines/temurin-11.jdk/Contents/Home/lib/libnet.dylib
0x000000010ef1c000 	/Users/alessandromaggio/.openjfx/cache/11/libprism_es2.dylib
0x00007ff818037000 	/System/Library/PrivateFrameworks/CoreServicesInternal.framework/Versions/A/CoreServicesInternal
0x00007ffa2e6f7000 	/System/Library/Frameworks/OpenGL.framework/Versions/A/Resources/GLEngine.bundle/GLEngine
0x00007ffa2e55d000 	/System/Library/Frameworks/OpenGL.framework/Versions/A/Libraries/libGLProgrammability.dylib
0x00007ffa26ed1000 	/System/Library/Extensions/AppleIntelBDWGraphicsGLDriver.bundle/Contents/MacOS/AppleIntelBDWGraphicsGLDriver
0x00007ff925bbd000 	/System/Library/PrivateFrameworks/GPUSupport.framework/Versions/A/Libraries/libGPUSupportMercury.dylib
0x00007ffa2e881000 	/System/Library/Frameworks/OpenGL.framework/Versions/A/Resources/GLRendererFloat.bundle/GLRendererFloat
0x00000001179b9000 	/Users/alessandromaggio/.openjfx/cache/11/libglass.dylib
0x00007ff827cc3000 	/System/Library/Frameworks/FileProvider.framework/Versions/A/FileProvider
0x00007ff81bcd5000 	/System/Library/Frameworks/Accounts.framework/Versions/A/Accounts
0x00007ff827e3c000 	/System/Library/PrivateFrameworks/GenerationalStorage.framework/Versions/A/GenerationalStorage
0x00007ff82894c000 	/System/Library/PrivateFrameworks/CoreSymbolication.framework/Versions/A/CoreSymbolication
0x00007ff8276c7000 	/System/Library/PrivateFrameworks/SymptomDiagnosticReporter.framework/Versions/A/SymptomDiagnosticReporter
0x00007ff8192f6000 	/System/Library/PrivateFrameworks/DesktopServicesPriv.framework/Versions/A/DesktopServicesPriv
0x00007ff818176000 	/usr/lib/libsandbox.1.dylib
0x00007ff81d01c000 	/System/Library/PrivateFrameworks/UserManagement.framework/Versions/A/UserManagement
0x00007ff828911000 	/System/Library/PrivateFrameworks/DebugSymbols.framework/Versions/A/DebugSymbols
0x00007ff823632000 	/System/Library/PrivateFrameworks/NetAuth.framework/Versions/A/NetAuth
0x00007ff824541000 	/System/Library/PrivateFrameworks/Sharing.framework/Versions/A/Sharing
0x00007ff81cfef000 	/System/Library/PrivateFrameworks/login.framework/Versions/A/Frameworks/loginsupport.framework/Versions/A/loginsupport
0x00007ff829aaf000 	/System/Library/PrivateFrameworks/Apple80211.framework/Versions/A/Apple80211
0x00007ff8201f0000 	/System/Library/PrivateFrameworks/AuthKit.framework/Versions/A/AuthKit
0x00007ff81f845000 	/System/Library/PrivateFrameworks/CoreUtils.framework/Versions/A/CoreUtils
0x00007ff81f76c000 	/System/Library/Frameworks/CoreWLAN.framework/Versions/A/CoreWLAN
0x00007ff8246a0000 	/System/Library/Frameworks/IOBluetooth.framework/Versions/A/IOBluetooth
0x00007ff829b17000 	/System/Library/PrivateFrameworks/CoreWiFi.framework/Versions/A/CoreWiFi
0x00007ff8284e6000 	/System/Library/PrivateFrameworks/FrontBoardServices.framework/Versions/A/FrontBoardServices
0x00007ff828577000 	/System/Library/PrivateFrameworks/BoardServices.framework/Versions/A/BoardServices
0x00007ff81fa54000 	/System/Library/PrivateFrameworks/AssertionServices.framework/Versions/A/AssertionServices
0x00007ff829c9a000 	/System/Library/PrivateFrameworks/BackBoardServices.framework/Versions/A/BackBoardServices
0x00007ff823a8c000 	/System/Library/PrivateFrameworks/CorePhoneNumbers.framework/Versions/A/CorePhoneNumbers
0x00007ff823350000 	/System/Library/PrivateFrameworks/MultiverseSupport.framework/Versions/A/MultiverseSupport
0x00007ff829f0d000 	/System/Library/PrivateFrameworks/RemoteServiceDiscovery.framework/Versions/A/RemoteServiceDiscovery
0x00007ff8277e4000 	/System/Library/PrivateFrameworks/DiskManagement.framework/Versions/A/DiskManagement
0x00007ff8276f8000 	/System/Library/PrivateFrameworks/AppleIDAuthSupport.framework/Versions/A/AppleIDAuthSupport
0x00007ffb1586a000 	/System/Library/PrivateFrameworks/AAAFoundation.framework/Versions/A/AAAFoundation
0x00007ff823a6d000 	/System/Library/PrivateFrameworks/KeychainCircle.framework/Versions/A/KeychainCircle
0x00007ff829f1d000 	/System/Library/PrivateFrameworks/RemoteXPC.framework/Versions/A/RemoteXPC
0x00007ff8277b0000 	/System/Library/PrivateFrameworks/MediaKit.framework/Versions/A/MediaKit
0x00007ff827704000 	/System/Library/Frameworks/DiscRecording.framework/Versions/A/DiscRecording
0x00007ff821046000 	/usr/lib/libCoreStorage.dylib
0x00007ff829f88000 	/usr/lib/libcsfde.dylib
0x00007ff82476d000 	/System/Library/PrivateFrameworks/ProtectedCloudStorage.framework/Versions/A/ProtectedCloudStorage
0x00007ff829f84000 	/System/Library/PrivateFrameworks/EFILogin.framework/Versions/A/EFILogin
0x00007ff827e62000 	/System/Library/PrivateFrameworks/OctagonTrust.framework/Versions/A/OctagonTrust
0x00007ffb1a136000 	/System/Library/PrivateFrameworks/CoreUtilsExtras.framework/Versions/A/CoreUtilsExtras
0x00007ff82762b000 	/System/Library/Frameworks/CoreBluetooth.framework/Versions/A/CoreBluetooth
0x00007ff82a617000 	/System/Library/Frameworks/AudioUnit.framework/Versions/A/AudioUnit
0x00007ff82103e000 	/usr/lib/libMatch.1.dylib
0x00007ff92004a000 	/System/Library/Frameworks/Accelerate.framework/Versions/A/Frameworks/vImage.framework/Versions/A/Libraries/libCGInterfaces.dylib
0x0000000117eb2000 	/usr/lib/libobjc-trampolines.dylib
0x00007ff81cd14000 	/System/Library/PrivateFrameworks/ViewBridge.framework/Versions/A/ViewBridge
0x00000001342bf000 	/Users/alessandromaggio/.openjfx/cache/11/libjavafx_font.dylib
0x00007ffb2d993000 	/usr/lib/libRosetta.dylib
0x00000001346c9000 	/Library/Java/JavaVirtualMachines/temurin-11.jdk/Contents/Home/lib/libextnet.dylib
0x00007ff821794000 	/System/Library/PrivateFrameworks/login.framework/Versions/A/login


VM Arguments:
jvm_args: -agentlib:jdwp=transport=dt_socket,suspend=y,address=localhost:49347 -javaagent:/Applications/Eclipse.app/Contents/Eclipse/configuration/org.eclipse.osgi/215/0/.cp/lib/javaagent-shaded.jar -Dfile.encoding=UTF-8 
java_command: it.polito.tdp.yelp.Main
java_class_path (initial): /Users/alessandromaggio/Desktop/UNI/3 anno/TDP/eclipse-workspace/2021-05-26-simulazione/target/classes:/Users/alessandromaggio/.m2/repository/org/openjfx/javafx-controls/11/javafx-controls-11.jar:/Users/alessandromaggio/.m2/repository/org/openjfx/javafx-controls/11/javafx-controls-11-mac.jar:/Users/alessandromaggio/.m2/repository/org/openjfx/javafx-graphics/11/javafx-graphics-11.jar:/Users/alessandromaggio/.m2/repository/org/openjfx/javafx-graphics/11/javafx-graphics-11-mac.jar:/Users/alessandromaggio/.m2/repository/org/openjfx/javafx-base/11/javafx-base-11.jar:/Users/alessandromaggio/.m2/repository/org/openjfx/javafx-base/11/javafx-base-11-mac.jar:/Users/alessandromaggio/.m2/repository/org/openjfx/javafx-fxml/11/javafx-fxml-11.jar:/Users/alessandromaggio/.m2/repository/org/openjfx/javafx-fxml/11/javafx-fxml-11-mac.jar:/Users/alessandromaggio/.m2/repository/com/zaxxer/HikariCP/3.4.2/HikariCP-3.4.2.jar:/Users/alessandromaggio/.m2/repository/org/slf4j/slf4j-api/1.7.25/slf4j-api-1.7.25.jar:/Users/alessandromaggio/.m2/repository/org/jgrapht/jgrapht-core/1.5.1/jgrapht-core-1.5.1.jar:/Users/alessandromaggio/.m2/repository/org/jheaps/jheaps/0.13/jheaps-0.13.jar:/Users/alessandromaggio/.m2/repository/org/mariadb/jdbc/mariadb-java-client/2.5.4/mariadb-java-client-2.5.4.jar:/Users/alessandromaggio/.m2/repository/org/slf4j/slf4j-log4j12/1.7.5/slf4j-log4j12-1.7.5.jar:/Users/alessandromaggio/.m2/repository/log4j/log4j/1.2.17/log4j-1.2.17.jar
Launcher Type: SUN_STANDARD

[Global flags]
     intx CICompilerCount                          = 3                                         {product} {ergonomic}
     uint ConcGCThreads                            = 1                                         {product} {ergonomic}
     uint G1ConcRefinementThreads                  = 4                                         {product} {ergonomic}
   size_t G1HeapRegionSize                         = 1048576                                   {product} {ergonomic}
    uintx GCDrainStackTargetSize                   = 64                                        {product} {ergonomic}
   size_t InitialHeapSize                          = 134217728                                 {product} {ergonomic}
   size_t MarkStackSize                            = 4194304                                   {product} {ergonomic}
   size_t MaxHeapSize                              = 2147483648                                {product} {ergonomic}
   size_t MaxNewSize                               = 1287651328                                {product} {ergonomic}
   size_t MinHeapDeltaBytes                        = 1048576                                   {product} {ergonomic}
    uintx NonNMethodCodeHeapSize                   = 5830732                                {pd product} {ergonomic}
    uintx NonProfiledCodeHeapSize                  = 122913754                              {pd product} {ergonomic}
    uintx ProfiledCodeHeapSize                     = 122913754                              {pd product} {ergonomic}
    uintx ReservedCodeCacheSize                    = 251658240                              {pd product} {ergonomic}
     bool SegmentedCodeCache                       = true                                      {product} {ergonomic}
     bool UseCompressedClassPointers               = true                                 {lp64_product} {ergonomic}
     bool UseCompressedOops                        = true                                 {lp64_product} {ergonomic}
     bool UseG1GC                                  = true                                      {product} {ergonomic}

Logging:
Log output configuration:
 #0: stdout all=warning uptime,level,tags
 #1: stderr all=off uptime,level,tags

Environment Variables:
PATH=/usr/bin:/bin:/usr/sbin:/sbin
SHELL=/bin/bash

Signal Handlers:
SIGSEGV: [libjvm.dylib+0x7c69d4], sa_mask[0]=11111111011111110111111111111111, sa_flags=SA_ONSTACK|SA_RESTART|SA_SIGINFO
SIGBUS: [libjvm.dylib+0x7c69d4], sa_mask[0]=11111111011111110111111111111111, sa_flags=SA_RESTART|SA_SIGINFO
SIGFPE: [libjvm.dylib+0x7c69d4], sa_mask[0]=11111111011111110111111111111111, sa_flags=SA_RESTART|SA_SIGINFO
SIGPIPE: [libjvm.dylib+0x62b2ae], sa_mask[0]=11111111011111110111111111111111, sa_flags=SA_RESTART|SA_SIGINFO
SIGXFSZ: [libjvm.dylib+0x62b2ae], sa_mask[0]=11111111011111110111111111111111, sa_flags=SA_RESTART|SA_SIGINFO
SIGILL: [libjvm.dylib+0x7c69d4], sa_mask[0]=11111111011111110111111111111111, sa_flags=SA_RESTART|SA_SIGINFO
SIGUSR2: [libjvm.dylib+0x62b895], sa_mask[0]=00100000000000000000000000000000, sa_flags=SA_RESTART|SA_SIGINFO
SIGHUP: [libjvm.dylib+0x62a477], sa_mask[0]=11111111011111110111111111111111, sa_flags=SA_RESTART|SA_SIGINFO
SIGINT: [libjvm.dylib+0x62a477], sa_mask[0]=11111111011111110111111111111111, sa_flags=SA_RESTART|SA_SIGINFO
SIGTERM: [libjvm.dylib+0x62a477], sa_mask[0]=11111111011111110111111111111111, sa_flags=SA_RESTART|SA_SIGINFO
SIGQUIT: [libjvm.dylib+0x62a477], sa_mask[0]=11111111011111110111111111111111, sa_flags=SA_RESTART|SA_SIGINFO


---------------  S Y S T E M  ---------------

OS:uname:Darwin 21.5.0 Darwin Kernel Version 21.5.0: Tue Apr 26 21:08:22 PDT 2022; root:xnu-8020.121.3~4/RELEASE_X86_64 x86_64
OS uptime: 0 days 15:50 hours
rlimit (soft/hard): STACK 8192k/65532k , CORE 0k/infinity , NPROC 1392/2088 , NOFILE 10240/infinity , AS infinity/infinity , CPU infinity/infinity , DATA infinity/infinity , FSIZE infinity/infinity , MEMLOCK infinity/infinity , RSS infinity/infinity
load average:2.83 3.00 2.92

CPU:total 4 (initial active 4) (2 cores per cpu, 2 threads per core) family 6 model 61 stepping 4 microcode 0x2f, cmov, cx8, fxsr, mmx, sse, sse2, sse3, ssse3, sse4.1, sse4.2, popcnt, avx, avx2, aes, clmul, erms, rtm, 3dnowpref, lzcnt, ht, tsc, tscinvbit, bmi1, bmi2, adx, fma

Memory: 4k page, physical 8388608k(1319696k free), swap 2097152k(1464064k free)

vm_info: OpenJDK 64-Bit Server VM (11.0.14.1+1) for bsd-amd64 JRE (11.0.14.1+1), built on Feb  8 2022 17:43:13 by "jenkins" with clang 4.2.1 Compatible Apple LLVM 10.0.1 (clang-1001.0.46.4)

END.
